INFO 2026-04-20 09:48:05,093 autoreload Watching for file changes with StatReloader
INFO 2026-04-20 09:48:10,522 log "GET / HTTP/1.1" 200 21197
ERROR 2026-04-20 09:48:11,737 log Internal Server Error: /api/annonces/
Traceback (most recent call last):
  File "C:\Users\TOSHIBA\cabinet_django\venv\Lib\site-packages\django\db\backends\utils.py", line 105, in _execute
    return self.cursor.execute(sql, params)
           ~~~~~~~~~~~~~~~~~~~^^^^^^^^^^^^^
  File "C:\Users\TOSHIBA\cabinet_django\venv\Lib\site-packages\django\db\backends\sqlite3\base.py", line 359, in execute
    return super().execute(query, params)
           ~~~~~~~~~~~~~~~^^^^^^^^^^^^^^^
sqlite3.OperationalError: no such table: annonces_annonce

The above exception was the direct cause of the following exception:

Traceback (most recent call last):
  File "C:\Users\TOSHIBA\cabinet_django\venv\Lib\site-packages\django\core\handlers\exception.py", line 55, in inner
    response = get_response(request)
  File "C:\Users\TOSHIBA\cabinet_django\venv\Lib\site-packages\django\core\handlers\base.py", line 198, in _get_response
    response = wrapped_callback(request, *callback_args, **callback_kwargs)
  File "C:\Users\TOSHIBA\cabinet_django\annonces\views.py", line 26, in api_annonces
    for a in annonces:
             ^^^^^^^^
  File "C:\Users\TOSHIBA\cabinet_django\venv\Lib\site-packages\django\db\models\query.py", line 390, in __iter__
    self._fetch_all()
    ~~~~~~~~~~~~~~~^^
  File "C:\Users\TOSHIBA\cabinet_django\venv\Lib\site-packages\django\db\models\query.py", line 2000, in _fetch_all
    self._result_cache = list(self._iterable_class(self))
                         ~~~~^^^^^^^^^^^^^^^^^^^^^^^^^^^^
  File "C:\Users\TOSHIBA\cabinet_django\venv\Lib\site-packages\django\db\models\query.py", line 95, in __iter__
    results = compiler.execute_sql(
        chunked_fetch=self.chunked_fetch, chunk_size=self.chunk_size
    )
  File "C:\Users\TOSHIBA\cabinet_django\venv\Lib\site-packages\django\db\models\sql\compiler.py", line 1624, in execute_sql
    cursor.execute(sql, params)
    ~~~~~~~~~~~~~~^^^^^^^^^^^^^
  File "C:\Users\TOSHIBA\cabinet_django\venv\Lib\site-packages\django\db\backends\utils.py", line 122, in execute
    return super().execute(sql, params)
           ~~~~~~~~~~~~~~~^^^^^^^^^^^^^
  File "C:\Users\TOSHIBA\cabinet_django\venv\Lib\site-packages\django\db\backends\utils.py", line 79, in execute
    return self._execute_with_wrappers(
           ~~~~~~~~~~~~~~~~~~~~~~~~~~~^
        sql, params, many=False, executor=self._execute
        ^^^^^^^^^^^^^^^^^^^^^^^^^^^^^^^^^^^^^^^^^^^^^^^
    )
    ^
  File "C:\Users\TOSHIBA\cabinet_django\venv\Lib\site-packages\django\db\backends\utils.py", line 92, in _execute_with_wrappers
    return executor(sql, params, many, context)
  File "C:\Users\TOSHIBA\cabinet_django\venv\Lib\site-packages\django\db\backends\utils.py", line 100, in _execute
    with self.db.wrap_database_errors:
         ^^^^^^^^^^^^^^^^^^^^^^^^^^^^
  File "C:\Users\TOSHIBA\cabinet_django\venv\Lib\site-packages\django\db\utils.py", line 94, in __exit__
    raise dj_exc_value.with_traceback(traceback) from exc_value
  File "C:\Users\TOSHIBA\cabinet_django\venv\Lib\site-packages\django\db\backends\utils.py", line 105, in _execute
    return self.cursor.execute(sql, params)
           ~~~~~~~~~~~~~~~~~~~^^^^^^^^^^^^^
  File "C:\Users\TOSHIBA\cabinet_django\venv\Lib\site-packages\django\db\backends\sqlite3\base.py", line 359, in execute
    return super().execute(query, params)
           ~~~~~~~~~~~~~~~^^^^^^^^^^^^^^^
django.db.utils.OperationalError: no such table: annonces_annonce
ERROR 2026-04-20 09:48:11,770 log "GET /api/annonces/ HTTP/1.1" 500 136139
INFO 2026-04-20 09:48:30,224 log "GET /admin-cabinet-bou-2024/ HTTP/1.1" 302 0
INFO 2026-04-20 09:48:30,236 log "GET /accounts/login/?next=/admin-cabinet-bou-2024/ HTTP/1.1" 200 3124
INFO 2026-04-20 09:48:55,006 log "POST /accounts/login/?next=/admin-cabinet-bou-2024/ HTTP/1.1" 302 0
INFO 2026-04-20 09:48:55,033 log "GET /admin-cabinet-bou-2024/ HTTP/1.1" 200 21315
ERROR 2026-04-20 09:48:55,447 log Internal Server Error: /api/annonces/
Traceback (most recent call last):
  File "C:\Users\TOSHIBA\cabinet_django\venv\Lib\site-packages\django\db\backends\utils.py", line 105, in _execute
    return self.cursor.execute(sql, params)
           ~~~~~~~~~~~~~~~~~~~^^^^^^^^^^^^^
  File "C:\Users\TOSHIBA\cabinet_django\venv\Lib\site-packages\django\db\backends\sqlite3\base.py", line 359, in execute
    return super().execute(query, params)
           ~~~~~~~~~~~~~~~^^^^^^^^^^^^^^^
sqlite3.OperationalError: no such table: annonces_annonce

The above exception was the direct cause of the following exception:

Traceback (most recent call last):
  File "C:\Users\TOSHIBA\cabinet_django\venv\Lib\site-packages\django\core\handlers\exception.py", line 55, in inner
    response = get_response(request)
  File "C:\Users\TOSHIBA\cabinet_django\venv\Lib\site-packages\django\core\handlers\base.py", line 198, in _get_response
    response = wrapped_callback(request, *callback_args, **callback_kwargs)
  File "C:\Users\TOSHIBA\cabinet_django\annonces\views.py", line 26, in api_annonces
    for a in annonces:
             ^^^^^^^^
  File "C:\Users\TOSHIBA\cabinet_django\venv\Lib\site-packages\django\db\models\query.py", line 390, in __iter__
    self._fetch_all()
    ~~~~~~~~~~~~~~~^^
  File "C:\Users\TOSHIBA\cabinet_django\venv\Lib\site-packages\django\db\models\query.py", line 2000, in _fetch_all
    self._result_cache = list(self._iterable_class(self))
                         ~~~~^^^^^^^^^^^^^^^^^^^^^^^^^^^^
  File "C:\Users\TOSHIBA\cabinet_django\venv\Lib\site-packages\django\db\models\query.py", line 95, in __iter__
    results = compiler.execute_sql(
        chunked_fetch=self.chunked_fetch, chunk_size=self.chunk_size
    )
  File "C:\Users\TOSHIBA\cabinet_django\venv\Lib\site-packages\django\db\models\sql\compiler.py", line 1624, in execute_sql
    cursor.execute(sql, params)
    ~~~~~~~~~~~~~~^^^^^^^^^^^^^
  File "C:\Users\TOSHIBA\cabinet_django\venv\Lib\site-packages\django\db\backends\utils.py", line 122, in execute
    return super().execute(sql, params)
           ~~~~~~~~~~~~~~~^^^^^^^^^^^^^
  File "C:\Users\TOSHIBA\cabinet_django\venv\Lib\site-packages\django\db\backends\utils.py", line 79, in execute
    return self._execute_with_wrappers(
           ~~~~~~~~~~~~~~~~~~~~~~~~~~~^
        sql, params, many=False, executor=self._execute
        ^^^^^^^^^^^^^^^^^^^^^^^^^^^^^^^^^^^^^^^^^^^^^^^
    )
    ^
  File "C:\Users\TOSHIBA\cabinet_django\venv\Lib\site-packages\django\db\backends\utils.py", line 92, in _execute_with_wrappers
    return executor(sql, params, many, context)
  File "C:\Users\TOSHIBA\cabinet_django\venv\Lib\site-packages\django\db\backends\utils.py", line 100, in _execute
    with self.db.wrap_database_errors:
         ^^^^^^^^^^^^^^^^^^^^^^^^^^^^
  File "C:\Users\TOSHIBA\cabinet_django\venv\Lib\site-packages\django\db\utils.py", line 94, in __exit__
    raise dj_exc_value.with_traceback(traceback) from exc_value
  File "C:\Users\TOSHIBA\cabinet_django\venv\Lib\site-packages\django\db\backends\utils.py", line 105, in _execute
    return self.cursor.execute(sql, params)
           ~~~~~~~~~~~~~~~~~~~^^^^^^^^^^^^^
  File "C:\Users\TOSHIBA\cabinet_django\venv\Lib\site-packages\django\db\backends\sqlite3\base.py", line 359, in execute
    return super().execute(query, params)
           ~~~~~~~~~~~~~~~^^^^^^^^^^^^^^^
django.db.utils.OperationalError: no such table: annonces_annonce
ERROR 2026-04-20 09:48:55,482 log "GET /api/annonces/ HTTP/1.1" 500 136305
WARNING 2026-04-20 09:59:31,099 log Bad Request: /api/annonces/creer/
WARNING 2026-04-20 09:59:31,100 log "POST /api/annonces/creer/ HTTP/1.1" 400 44
WARNING 2026-04-20 09:59:35,505 log Bad Request: /api/annonces/creer/
WARNING 2026-04-20 09:59:35,506 log "POST /api/annonces/creer/ HTTP/1.1" 400 44
WARNING 2026-04-20 09:59:41,271 log Bad Request: /api/annonces/creer/
WARNING 2026-04-20 09:59:41,272 log "POST /api/annonces/creer/ HTTP/1.1" 400 44
INFO 2026-04-20 10:17:02,403 autoreload Watching for file changes with StatReloader
INFO 2026-04-20 10:17:08,584 log "GET / HTTP/1.1" 200 21197
INFO 2026-04-20 10:17:08,816 log "GET /static/annonces/css/style.css HTTP/1.1" 304 0
INFO 2026-04-20 10:17:08,817 log "GET /static/annonces/js/script.js HTTP/1.1" 304 0
INFO 2026-04-20 10:17:08,880 log "GET /api/annonces/ HTTP/1.1" 200 2
INFO 2026-04-20 10:17:16,134 log "GET /admin-cabinet-bou-2024/ HTTP/1.1" 302 0
INFO 2026-04-20 10:17:16,151 log "GET /accounts/login/?next=/admin-cabinet-bou-2024/ HTTP/1.1" 200 3124
INFO 2026-04-20 10:17:47,904 log "POST /accounts/login/?next=/admin-cabinet-bou-2024/ HTTP/1.1" 302 0
INFO 2026-04-20 10:17:47,936 log "GET /admin-cabinet-bou-2024/ HTTP/1.1" 200 21315
INFO 2026-04-20 10:17:48,125 log "GET /api/annonces/ HTTP/1.1" 200 2
INFO 2026-04-20 10:18:57,497 log "POST /api/annonces/creer/ HTTP/1.1" 200 31
INFO 2026-04-20 10:18:57,538 log "GET /api/annonces/ HTTP/1.1" 200 696
INFO 2026-04-20 10:20:20,481 log "POST /api/annonce/A001/commentaire/ HTTP/1.1" 200 17
INFO 2026-04-20 10:20:20,498 log "GET /api/annonces/ HTTP/1.1" 200 768
INFO 2026-04-20 10:23:35,747 log "GET / HTTP/1.1" 200 21197
INFO 2026-04-20 10:23:35,876 log "GET /api/annonces/ HTTP/1.1" 200 768
INFO 2026-04-20 10:23:42,031 log "GET /admin-cabinet-bou-2024/ HTTP/1.1" 200 21315
INFO 2026-04-20 10:23:42,301 log "GET /api/annonces/ HTTP/1.1" 200 768
INFO 2026-04-20 11:45:16,689 autoreload C:\Users\TOSHIBA\cabinet_django\annonces\models.py changed, reloading.
INFO 2026-04-20 11:45:19,319 autoreload Watching for file changes with StatReloader
INFO 2026-04-20 11:51:15,008 autoreload Watching for file changes with StatReloader
INFO 2026-04-20 11:51:36,960 log "GET / HTTP/1.1" 200 21197
ERROR 2026-04-20 11:51:44,134 log Internal Server Error: /api/annonces/
Traceback (most recent call last):
  File "C:\Users\TOSHIBA\cabinet_django\venv\Lib\site-packages\django\core\handlers\exception.py", line 55, in inner
    response = get_response(request)
  File "C:\Users\TOSHIBA\cabinet_django\venv\Lib\site-packages\django\core\handlers\base.py", line 198, in _get_response
    response = wrapped_callback(request, *callback_args, **callback_kwargs)
  File "C:\Users\TOSHIBA\cabinet_django\annonces\views.py", line 27, in api_annonces
    images_urls = [img.url for img in a.images.all()]
                   ^^^^^^^
AttributeError: 'Image' object has no attribute 'url'
ERROR 2026-04-20 11:51:44,138 log "GET /api/annonces/ HTTP/1.1" 500 69304
INFO 2026-04-20 11:52:42,871 log "GET /admin-cabinet-bou-2024/ HTTP/1.1" 200 21315
ERROR 2026-04-20 11:52:44,053 log Internal Server Error: /api/annonces/
Traceback (most recent call last):
  File "C:\Users\TOSHIBA\cabinet_django\venv\Lib\site-packages\django\core\handlers\exception.py", line 55, in inner
    response = get_response(request)
  File "C:\Users\TOSHIBA\cabinet_django\venv\Lib\site-packages\django\core\handlers\base.py", line 198, in _get_response
    response = wrapped_callback(request, *callback_args, **callback_kwargs)
  File "C:\Users\TOSHIBA\cabinet_django\annonces\views.py", line 27, in api_annonces
    images_urls = [img.url for img in a.images.all()]
                   ^^^^^^^
AttributeError: 'Image' object has no attribute 'url'
ERROR 2026-04-20 11:52:44,064 log "GET /api/annonces/ HTTP/1.1" 500 69327
INFO 2026-04-20 11:52:58,125 log "GET / HTTP/1.1" 200 21197
ERROR 2026-04-20 11:52:58,287 log Internal Server Error: /api/annonces/
Traceback (most recent call last):
  File "C:\Users\TOSHIBA\cabinet_django\venv\Lib\site-packages\django\core\handlers\exception.py", line 55, in inner
    response = get_response(request)
  File "C:\Users\TOSHIBA\cabinet_django\venv\Lib\site-packages\django\core\handlers\base.py", line 198, in _get_response
    response = wrapped_callback(request, *callback_args, **callback_kwargs)
  File "C:\Users\TOSHIBA\cabinet_django\annonces\views.py", line 27, in api_annonces
    images_urls = [img.url for img in a.images.all()]
                   ^^^^^^^
AttributeError: 'Image' object has no attribute 'url'
ERROR 2026-04-20 11:52:58,292 log "GET /api/annonces/ HTTP/1.1" 500 69448
INFO 2026-04-20 11:53:21,983 log "GET /admin-cabinet-bou-2024/ HTTP/1.1" 200 21315
ERROR 2026-04-20 11:53:22,848 log Internal Server Error: /api/annonces/
Traceback (most recent call last):
  File "C:\Users\TOSHIBA\cabinet_django\venv\Lib\site-packages\django\core\handlers\exception.py", line 55, in inner
    response = get_response(request)
  File "C:\Users\TOSHIBA\cabinet_django\venv\Lib\site-packages\django\core\handlers\base.py", line 198, in _get_response
    response = wrapped_callback(request, *callback_args, **callback_kwargs)
  File "C:\Users\TOSHIBA\cabinet_django\annonces\views.py", line 27, in api_annonces
    images_urls = [img.url for img in a.images.all()]
                   ^^^^^^^
AttributeError: 'Image' object has no attribute 'url'
ERROR 2026-04-20 11:53:22,853 log "GET /api/annonces/ HTTP/1.1" 500 69471
INFO 2026-04-20 11:53:26,553 log "GET /accounts/login/ HTTP/1.1" 200 3124
INFO 2026-04-20 11:53:34,214 log "GET /admin-cabinet-bou-2024/ HTTP/1.1" 200 21315
ERROR 2026-04-20 11:53:34,749 log Internal Server Error: /api/annonces/
Traceback (most recent call last):
  File "C:\Users\TOSHIBA\cabinet_django\venv\Lib\site-packages\django\core\handlers\exception.py", line 55, in inner
    response = get_response(request)
  File "C:\Users\TOSHIBA\cabinet_django\venv\Lib\site-packages\django\core\handlers\base.py", line 198, in _get_response
    response = wrapped_callback(request, *callback_args, **callback_kwargs)
  File "C:\Users\TOSHIBA\cabinet_django\annonces\views.py", line 27, in api_annonces
    images_urls = [img.url for img in a.images.all()]
                   ^^^^^^^
AttributeError: 'Image' object has no attribute 'url'
ERROR 2026-04-20 11:53:34,760 log "GET /api/annonces/ HTTP/1.1" 500 69471
INFO 2026-04-20 12:01:25,740 autoreload Watching for file changes with StatReloader
INFO 2026-04-20 12:01:33,927 log "GET / HTTP/1.1" 200 21197
INFO 2026-04-20 12:01:34,215 log "GET /static/annonces/css/style.css HTTP/1.1" 304 0
INFO 2026-04-20 12:01:34,902 log "GET /static/annonces/js/script.js HTTP/1.1" 200 33826
ERROR 2026-04-20 12:01:35,242 log Internal Server Error: /api/annonces/
Traceback (most recent call last):
  File "C:\Users\TOSHIBA\cabinet_django\venv\Lib\site-packages\django\core\handlers\exception.py", line 55, in inner
    response = get_response(request)
  File "C:\Users\TOSHIBA\cabinet_django\venv\Lib\site-packages\django\core\handlers\base.py", line 198, in _get_response
    response = wrapped_callback(request, *callback_args, **callback_kwargs)
  File "C:\Users\TOSHIBA\cabinet_django\annonces\views.py", line 27, in api_annonces
    images_urls = [img.url for img in a.images.all()]
                   ^^^^^^^
AttributeError: 'Image' object has no attribute 'url'
ERROR 2026-04-20 12:01:35,247 log "GET /api/annonces/ HTTP/1.1" 500 69304
INFO 2026-04-20 12:01:42,086 log "GET /admin-cabinet-bou-2024/ HTTP/1.1" 200 21315
INFO 2026-04-20 12:01:42,119 log "GET /static/annonces/js/script.js HTTP/1.1" 304 0
ERROR 2026-04-20 12:01:42,716 log Internal Server Error: /api/annonces/
Traceback (most recent call last):
  File "C:\Users\TOSHIBA\cabinet_django\venv\Lib\site-packages\django\core\handlers\exception.py", line 55, in inner
    response = get_response(request)
  File "C:\Users\TOSHIBA\cabinet_django\venv\Lib\site-packages\django\core\handlers\base.py", line 198, in _get_response
    response = wrapped_callback(request, *callback_args, **callback_kwargs)
  File "C:\Users\TOSHIBA\cabinet_django\annonces\views.py", line 27, in api_annonces
    images_urls = [img.url for img in a.images.all()]
                   ^^^^^^^
AttributeError: 'Image' object has no attribute 'url'
ERROR 2026-04-20 12:01:42,720 log "GET /api/annonces/ HTTP/1.1" 500 69471
INFO 2026-04-20 12:04:04,567 autoreload C:\Users\TOSHIBA\cabinet_django\annonces\admin.py changed, reloading.
INFO 2026-04-20 12:04:06,407 autoreload Watching for file changes with StatReloader
INFO 2026-04-20 12:04:09,381 autoreload C:\Users\TOSHIBA\cabinet_django\annonces\admin.py changed, reloading.
INFO 2026-04-20 12:04:10,675 autoreload Watching for file changes with StatReloader
INFO 2026-04-20 12:04:14,540 autoreload C:\Users\TOSHIBA\cabinet_django\annonces\admin.py changed, reloading.
INFO 2026-04-20 12:04:16,017 autoreload Watching for file changes with StatReloader
INFO 2026-04-20 12:05:32,280 autoreload C:\Users\TOSHIBA\cabinet_django\App\settings.py changed, reloading.
INFO 2026-04-20 12:05:33,644 autoreload Watching for file changes with StatReloader
INFO 2026-04-20 12:06:55,629 autoreload C:\Users\TOSHIBA\cabinet_django\App\urls.py changed, reloading.
INFO 2026-04-20 12:06:57,081 autoreload Watching for file changes with StatReloader
INFO 2026-04-20 12:07:34,888 log "GET /admin-cabinet-bou-2024/ HTTP/1.1" 200 21315
INFO 2026-04-20 12:07:35,143 log "GET /static/annonces/js/script.js HTTP/1.1" 200 33826
ERROR 2026-04-20 12:07:35,390 log Internal Server Error: /api/annonces/
Traceback (most recent call last):
  File "C:\Users\TOSHIBA\cabinet_django\venv\Lib\site-packages\django\core\handlers\exception.py", line 55, in inner
    response = get_response(request)
  File "C:\Users\TOSHIBA\cabinet_django\venv\Lib\site-packages\django\core\handlers\base.py", line 198, in _get_response
    response = wrapped_callback(request, *callback_args, **callback_kwargs)
  File "C:\Users\TOSHIBA\cabinet_django\annonces\views.py", line 27, in api_annonces
    images_urls = [img.url for img in a.images.all()]
                   ^^^^^^^
AttributeError: 'Image' object has no attribute 'url'
ERROR 2026-04-20 12:07:35,399 log "GET /api/annonces/ HTTP/1.1" 500 69374
INFO 2026-04-20 12:09:51,803 autoreload Watching for file changes with StatReloader
INFO 2026-04-20 12:10:03,207 log "GET / HTTP/1.1" 200 21197
INFO 2026-04-20 12:10:03,429 log "GET /static/annonces/js/script.js HTTP/1.1" 304 0
ERROR 2026-04-20 12:10:03,567 log Internal Server Error: /api/annonces/
Traceback (most recent call last):
  File "C:\Users\TOSHIBA\cabinet_django\venv\Lib\site-packages\django\core\handlers\exception.py", line 55, in inner
    response = get_response(request)
  File "C:\Users\TOSHIBA\cabinet_django\venv\Lib\site-packages\django\core\handlers\base.py", line 198, in _get_response
    response = wrapped_callback(request, *callback_args, **callback_kwargs)
  File "C:\Users\TOSHIBA\cabinet_django\annonces\views.py", line 27, in api_annonces
    images_urls = [img.url for img in a.images.all()]
                   ^^^^^^^
AttributeError: 'Image' object has no attribute 'url'
ERROR 2026-04-20 12:10:03,591 log "GET /api/annonces/ HTTP/1.1" 500 69351
INFO 2026-04-20 12:10:10,120 log "GET /admin-cabinet-bou-2024/ HTTP/1.1" 200 21315
ERROR 2026-04-20 12:10:10,424 log Internal Server Error: /api/annonces/
Traceback (most recent call last):
  File "C:\Users\TOSHIBA\cabinet_django\venv\Lib\site-packages\django\core\handlers\exception.py", line 55, in inner
    response = get_response(request)
  File "C:\Users\TOSHIBA\cabinet_django\venv\Lib\site-packages\django\core\handlers\base.py", line 198, in _get_response
    response = wrapped_callback(request, *callback_args, **callback_kwargs)
  File "C:\Users\TOSHIBA\cabinet_django\annonces\views.py", line 27, in api_annonces
    images_urls = [img.url for img in a.images.all()]
                   ^^^^^^^
AttributeError: 'Image' object has no attribute 'url'
ERROR 2026-04-20 12:10:10,429 log "GET /api/annonces/ HTTP/1.1" 500 69518
INFO 2026-04-20 12:10:23,948 log "GET /admin-cabinet-bou-2024/ HTTP/1.1" 200 21315
ERROR 2026-04-20 12:10:24,070 log Internal Server Error: /api/annonces/
Traceback (most recent call last):
  File "C:\Users\TOSHIBA\cabinet_django\venv\Lib\site-packages\django\core\handlers\exception.py", line 55, in inner
    response = get_response(request)
  File "C:\Users\TOSHIBA\cabinet_django\venv\Lib\site-packages\django\core\handlers\base.py", line 198, in _get_response
    response = wrapped_callback(request, *callback_args, **callback_kwargs)
  File "C:\Users\TOSHIBA\cabinet_django\annonces\views.py", line 27, in api_annonces
    images_urls = [img.url for img in a.images.all()]
                   ^^^^^^^
AttributeError: 'Image' object has no attribute 'url'
ERROR 2026-04-20 12:10:24,075 log "GET /api/annonces/ HTTP/1.1" 500 69374
INFO 2026-04-20 12:10:30,497 log "GET /admin-cabinet-bou-2024/ HTTP/1.1" 200 21315
ERROR 2026-04-20 12:10:30,627 log Internal Server Error: /api/annonces/
Traceback (most recent call last):
  File "C:\Users\TOSHIBA\cabinet_django\venv\Lib\site-packages\django\core\handlers\exception.py", line 55, in inner
    response = get_response(request)
  File "C:\Users\TOSHIBA\cabinet_django\venv\Lib\site-packages\django\core\handlers\base.py", line 198, in _get_response
    response = wrapped_callback(request, *callback_args, **callback_kwargs)
  File "C:\Users\TOSHIBA\cabinet_django\annonces\views.py", line 27, in api_annonces
    images_urls = [img.url for img in a.images.all()]
                   ^^^^^^^
AttributeError: 'Image' object has no attribute 'url'
ERROR 2026-04-20 12:10:30,629 log "GET /api/annonces/ HTTP/1.1" 500 69374
INFO 2026-04-20 12:10:37,152 log "GET /admin-cabinet-bou-2024/ HTTP/1.1" 200 21315
ERROR 2026-04-20 12:10:37,273 log Internal Server Error: /api/annonces/
Traceback (most recent call last):
  File "C:\Users\TOSHIBA\cabinet_django\venv\Lib\site-packages\django\core\handlers\exception.py", line 55, in inner
    response = get_response(request)
  File "C:\Users\TOSHIBA\cabinet_django\venv\Lib\site-packages\django\core\handlers\base.py", line 198, in _get_response
    response = wrapped_callback(request, *callback_args, **callback_kwargs)
  File "C:\Users\TOSHIBA\cabinet_django\annonces\views.py", line 27, in api_annonces
    images_urls = [img.url for img in a.images.all()]
                   ^^^^^^^
AttributeError: 'Image' object has no attribute 'url'
ERROR 2026-04-20 12:10:37,277 log "GET /api/annonces/ HTTP/1.1" 500 69374
INFO 2026-04-20 12:13:46,924 log "GET /admin/ HTTP/1.1" 200 11861
INFO 2026-04-20 12:13:47,088 log "GET /static/admin/css/nav_sidebar.css HTTP/1.1" 304 0
INFO 2026-04-20 12:13:47,104 log "GET /static/admin/css/responsive.css HTTP/1.1" 304 0
INFO 2026-04-20 12:13:47,107 log "GET /static/admin/css/base.css HTTP/1.1" 304 0
INFO 2026-04-20 12:13:47,111 log "GET /static/admin/css/dark_mode.css HTTP/1.1" 304 0
INFO 2026-04-20 12:13:47,127 log "GET /static/admin/css/dashboard.css HTTP/1.1" 304 0
INFO 2026-04-20 12:13:47,135 log "GET /static/admin/js/theme.js HTTP/1.1" 304 0
INFO 2026-04-20 12:13:47,247 log "GET /static/admin/js/nav_sidebar.js HTTP/1.1" 304 0
INFO 2026-04-20 12:13:47,307 log "GET /static/admin/img/icon-addlink.svg HTTP/1.1" 304 0
INFO 2026-04-20 12:13:47,307 log "GET /static/admin/img/icon-changelink.svg HTTP/1.1" 304 0
INFO 2026-04-20 12:13:58,188 log "GET /admin/annonces/annonce/add/ HTTP/1.1" 200 29346
INFO 2026-04-20 12:13:58,360 log "GET /static/admin/js/vendor/jquery/jquery.js HTTP/1.1" 304 0
INFO 2026-04-20 12:13:58,361 log "GET /static/admin/js/jquery.init.js HTTP/1.1" 304 0
INFO 2026-04-20 12:13:58,367 log "GET /static/admin/css/forms.css HTTP/1.1" 304 0
INFO 2026-04-20 12:13:58,375 log "GET /static/admin/js/admin/RelatedObjectLookups.js HTTP/1.1" 304 0
INFO 2026-04-20 12:13:58,380 log "GET /static/admin/js/urlify.js HTTP/1.1" 304 0
INFO 2026-04-20 12:13:58,391 log "GET /static/admin/js/prepopulate.js HTTP/1.1" 304 0
INFO 2026-04-20 12:13:58,393 log "GET /static/admin/js/core.js HTTP/1.1" 304 0
INFO 2026-04-20 12:13:58,393 log "GET /static/admin/js/inlines.js HTTP/1.1" 304 0
INFO 2026-04-20 12:13:58,400 log "GET /static/admin/js/actions.js HTTP/1.1" 304 0
INFO 2026-04-20 12:13:58,411 log "GET /static/admin/js/vendor/xregexp/xregexp.js HTTP/1.1" 304 0
INFO 2026-04-20 12:13:58,419 log "GET /static/admin/js/prepopulate_init.js HTTP/1.1" 304 0
INFO 2026-04-20 12:13:58,494 log "GET /static/admin/css/widgets.css HTTP/1.1" 304 0
INFO 2026-04-20 12:13:58,506 log "GET /static/admin/js/change_form.js HTTP/1.1" 304 0
INFO 2026-04-20 12:13:58,936 log "GET /admin/jsi18n/ HTTP/1.1" 200 3342
INFO 2026-04-20 12:13:59,101 log "GET /static/admin/img/inline-delete.svg HTTP/1.1" 304 0
INFO 2026-04-20 12:27:12,256 autoreload C:\Users\TOSHIBA\cabinet_django\annonces\views.py changed, reloading.
INFO 2026-04-20 12:27:13,822 autoreload Watching for file changes with StatReloader
INFO 2026-04-20 12:27:44,539 autoreload Watching for file changes with StatReloader
INFO 2026-04-20 12:27:51,011 log "GET / HTTP/1.1" 200 21538
INFO 2026-04-20 12:27:51,256 log "GET /static/annonces/js/script.js HTTP/1.1" 200 34132
INFO 2026-04-20 12:27:51,581 log "GET /api/annonces/ HTTP/1.1" 200 484
WARNING 2026-04-20 12:27:51,866 log Not Found: /media/https:/sagesseimmobiliere.com/wp-content/uploads/2021/10/WhatsApp-Image-2021-09-21-at-17.01.37-818x540.jpeg
WARNING 2026-04-20 12:27:51,869 log "GET /media/https%3A/sagesseimmobiliere.com/wp-content/uploads/2021/10/WhatsApp-Image-2021-09-21-at-17.01.37-818x540.jpeg HTTP/1.1" 404 5675
INFO 2026-04-20 12:27:58,339 log "GET /admin-cabinet-bou-2024/ HTTP/1.1" 200 21656
INFO 2026-04-20 12:27:58,610 log "GET /api/annonces/ HTTP/1.1" 200 484
WARNING 2026-04-20 12:27:58,755 log Not Found: /media/https:/sagesseimmobiliere.com/wp-content/uploads/2021/10/WhatsApp-Image-2021-09-21-at-17.01.37-818x540.jpeg
WARNING 2026-04-20 12:27:58,756 log "GET /media/https%3A/sagesseimmobiliere.com/wp-content/uploads/2021/10/WhatsApp-Image-2021-09-21-at-17.01.37-818x540.jpeg HTTP/1.1" 404 5675
INFO 2026-04-20 12:39:55,240 autoreload C:\Users\TOSHIBA\cabinet_django\annonces\views.py changed, reloading.
INFO 2026-04-20 12:39:56,709 autoreload Watching for file changes with StatReloader
INFO 2026-04-20 12:40:16,011 autoreload Watching for file changes with StatReloader
INFO 2026-04-20 12:40:26,536 log "GET / HTTP/1.1" 200 21710
INFO 2026-04-20 12:40:26,796 log "GET /static/annonces/js/script.js HTTP/1.1" 200 34470
INFO 2026-04-20 12:40:27,054 log "GET /api/annonces/ HTTP/1.1" 200 484
WARNING 2026-04-20 12:40:27,151 log Not Found: /media/https:/sagesseimmobiliere.com/wp-content/uploads/2021/10/WhatsApp-Image-2021-09-21-at-17.01.37-818x540.jpeg
WARNING 2026-04-20 12:40:27,155 log "GET /media/https%3A/sagesseimmobiliere.com/wp-content/uploads/2021/10/WhatsApp-Image-2021-09-21-at-17.01.37-818x540.jpeg HTTP/1.1" 404 5675
INFO 2026-04-20 12:40:31,509 log "GET /admin-cabinet-bou-2024/ HTTP/1.1" 200 21828
INFO 2026-04-20 12:40:31,758 log "GET /api/annonces/ HTTP/1.1" 200 484
WARNING 2026-04-20 12:40:31,905 log Not Found: /media/https:/sagesseimmobiliere.com/wp-content/uploads/2021/10/WhatsApp-Image-2021-09-21-at-17.01.37-818x540.jpeg
WARNING 2026-04-20 12:40:31,906 log "GET /media/https%3A/sagesseimmobiliere.com/wp-content/uploads/2021/10/WhatsApp-Image-2021-09-21-at-17.01.37-818x540.jpeg HTTP/1.1" 404 5675
INFO 2026-04-20 12:41:36,356 log "PUT /api/annonces/A001/modifier/ HTTP/1.1" 200 17
INFO 2026-04-20 12:41:36,386 log "GET /api/annonces/ HTTP/1.1" 200 484
WARNING 2026-04-20 12:41:36,409 log Not Found: /media/https:/sagesseimmobiliere.com/wp-content/uploads/2021/10/WhatsApp-Image-2021-09-21-at-17.01.37-818x540.jpeg
WARNING 2026-04-20 12:41:36,410 log "GET /media/https%3A/sagesseimmobiliere.com/wp-content/uploads/2021/10/WhatsApp-Image-2021-09-21-at-17.01.37-818x540.jpeg HTTP/1.1" 404 5675
WARNING 2026-04-20 12:42:03,946 log Not Found: /media/https:/sagesseimmobiliere.com/wp-content/uploads/2021/10/WhatsApp-Image-2021-09-21-at-17.01.37-818x540.jpeg
WARNING 2026-04-20 12:42:03,947 log "GET /media/https%3A/sagesseimmobiliere.com/wp-content/uploads/2021/10/WhatsApp-Image-2021-09-21-at-17.01.37-818x540.jpeg HTTP/1.1" 404 5675
WARNING 2026-04-20 12:42:05,482 log Not Found: /admin-cabinet-bou-2024/null
WARNING 2026-04-20 12:42:05,491 log Not Found: /media/https:/sagesseimmobiliere.com/wp-content/uploads/2021/10/WhatsApp-Image-2021-09-21-at-17.01.37-818x540.jpeg
WARNING 2026-04-20 12:42:05,491 log "GET /admin-cabinet-bou-2024/null HTTP/1.1" 404 5110
WARNING 2026-04-20 12:42:05,492 log "GET /media/https%3A/sagesseimmobiliere.com/wp-content/uploads/2021/10/WhatsApp-Image-2021-09-21-at-17.01.37-818x540.jpeg HTTP/1.1" 404 5675
WARNING 2026-04-20 12:42:52,142 log Not Found: /media/https:/sagesseimmobiliere.com/wp-content/uploads/2021/10/WhatsApp-Image-2021-09-21-at-17.01.37-818x540.jpeg
WARNING 2026-04-20 12:42:52,144 log "GET /media/https%3A/sagesseimmobiliere.com/wp-content/uploads/2021/10/WhatsApp-Image-2021-09-21-at-17.01.37-818x540.jpeg HTTP/1.1" 404 5675
WARNING 2026-04-20 12:42:56,636 log Not Found: /media/https:/sagesseimmobiliere.com/wp-content/uploads/2021/10/WhatsApp-Image-2021-09-21-at-17.01.37-818x540.jpeg
WARNING 2026-04-20 12:42:56,637 log "GET /media/https%3A/sagesseimmobiliere.com/wp-content/uploads/2021/10/WhatsApp-Image-2021-09-21-at-17.01.37-818x540.jpeg HTTP/1.1" 404 5675
INFO 2026-04-20 12:43:16,036 log "PUT /api/annonces/A001/modifier/ HTTP/1.1" 200 17
INFO 2026-04-20 12:43:16,061 log "GET /api/annonces/ HTTP/1.1" 200 484
WARNING 2026-04-20 12:43:16,076 log Not Found: /media/https:/sagesseimmobiliere.com/wp-content/uploads/2021/10/WhatsApp-Image-2021-09-21-at-17.01.37-818x540.jpeg
WARNING 2026-04-20 12:43:16,078 log "GET /media/https%3A/sagesseimmobiliere.com/wp-content/uploads/2021/10/WhatsApp-Image-2021-09-21-at-17.01.37-818x540.jpeg HTTP/1.1" 404 5675
INFO 2026-04-20 12:47:30,145 log "PUT /api/annonces/A001/modifier/ HTTP/1.1" 200 17
INFO 2026-04-20 12:47:30,159 log "GET /api/annonces/ HTTP/1.1" 200 484
WARNING 2026-04-20 12:47:30,193 log Not Found: /media/https:/sagesseimmobiliere.com/wp-content/uploads/2021/10/WhatsApp-Image-2021-09-21-at-17.01.37-818x540.jpeg
WARNING 2026-04-20 12:47:30,197 log "GET /media/https%3A/sagesseimmobiliere.com/wp-content/uploads/2021/10/WhatsApp-Image-2021-09-21-at-17.01.37-818x540.jpeg HTTP/1.1" 404 5675
INFO 2026-04-20 13:07:14,426 autoreload Watching for file changes with StatReloader
INFO 2026-04-20 13:07:17,568 log "GET / HTTP/1.1" 200 21517
INFO 2026-04-20 13:07:18,074 log "GET /static/annonces/js/script.js HTTP/1.1" 200 34624
INFO 2026-04-20 13:07:18,323 log "GET /api/annonces/ HTTP/1.1" 200 484
WARNING 2026-04-20 13:07:18,405 log Not Found: /media/https:/sagesseimmobiliere.com/wp-content/uploads/2021/10/WhatsApp-Image-2021-09-21-at-17.01.37-818x540.jpeg
WARNING 2026-04-20 13:07:18,408 log "GET /media/https%3A/sagesseimmobiliere.com/wp-content/uploads/2021/10/WhatsApp-Image-2021-09-21-at-17.01.37-818x540.jpeg HTTP/1.1" 404 5675
INFO 2026-04-20 13:07:23,199 log "GET /admin-cabinet-bou-2024/ HTTP/1.1" 200 21635
INFO 2026-04-20 13:07:23,481 log "GET /api/annonces/ HTTP/1.1" 200 484
WARNING 2026-04-20 13:07:23,635 log Not Found: /media/https:/sagesseimmobiliere.com/wp-content/uploads/2021/10/WhatsApp-Image-2021-09-21-at-17.01.37-818x540.jpeg
WARNING 2026-04-20 13:07:23,636 log "GET /media/https%3A/sagesseimmobiliere.com/wp-content/uploads/2021/10/WhatsApp-Image-2021-09-21-at-17.01.37-818x540.jpeg HTTP/1.1" 404 5675
INFO 2026-04-20 13:07:44,073 log "PUT /api/annonces/A001/modifier/ HTTP/1.1" 200 17
INFO 2026-04-20 13:07:44,105 log "GET /api/annonces/ HTTP/1.1" 200 484
WARNING 2026-04-20 13:07:44,122 log Not Found: /media/https:/sagesseimmobiliere.com/wp-content/uploads/2021/10/WhatsApp-Image-2021-09-21-at-17.01.37-818x540.jpeg
WARNING 2026-04-20 13:07:44,123 log "GET /media/https%3A/sagesseimmobiliere.com/wp-content/uploads/2021/10/WhatsApp-Image-2021-09-21-at-17.01.37-818x540.jpeg HTTP/1.1" 404 5675
INFO 2026-04-20 13:08:08,097 log "GET /admin-cabinet-bou-2024/ HTTP/1.1" 302 0
INFO 2026-04-20 13:08:08,103 log "GET /accounts/login/?next=/admin-cabinet-bou-2024/ HTTP/1.1" 200 3124
INFO 2026-04-20 13:08:18,153 log "POST /accounts/login/?next=/admin-cabinet-bou-2024/ HTTP/1.1" 302 0
INFO 2026-04-20 13:08:18,163 log "GET /admin-cabinet-bou-2024/ HTTP/1.1" 200 21635
INFO 2026-04-20 13:08:18,198 log "GET /static/annonces/js/script.js HTTP/1.1" 304 0
INFO 2026-04-20 13:08:18,272 log "GET /api/annonces/ HTTP/1.1" 200 484
WARNING 2026-04-20 13:08:18,343 log Not Found: /media/https:/sagesseimmobiliere.com/wp-content/uploads/2021/10/WhatsApp-Image-2021-09-21-at-17.01.37-818x540.jpeg
WARNING 2026-04-20 13:08:18,345 log "GET /media/https%3A/sagesseimmobiliere.com/wp-content/uploads/2021/10/WhatsApp-Image-2021-09-21-at-17.01.37-818x540.jpeg HTTP/1.1" 404 5675
INFO 2026-04-20 13:09:00,526 log "PUT /api/annonces/A001/modifier/ HTTP/1.1" 200 17
INFO 2026-04-20 13:09:00,547 log "GET /api/annonces/ HTTP/1.1" 200 484
WARNING 2026-04-20 13:09:00,561 log Not Found: /media/https:/sagesseimmobiliere.com/wp-content/uploads/2021/10/WhatsApp-Image-2021-09-21-at-17.01.37-818x540.jpeg
WARNING 2026-04-20 13:09:00,561 log "GET /media/https%3A/sagesseimmobiliere.com/wp-content/uploads/2021/10/WhatsApp-Image-2021-09-21-at-17.01.37-818x540.jpeg HTTP/1.1" 404 5675
INFO 2026-04-20 13:12:32,348 log "GET /admin-cabinet-bou-2024/ HTTP/1.1" 200 21635
INFO 2026-04-20 13:12:32,390 log "GET /static/annonces/js/script.js HTTP/1.1" 304 0
INFO 2026-04-20 13:12:32,446 log "GET /api/annonces/ HTTP/1.1" 200 484
WARNING 2026-04-20 13:12:32,501 log Not Found: /media/https:/sagesseimmobiliere.com/wp-content/uploads/2021/10/WhatsApp-Image-2021-09-21-at-17.01.37-818x540.jpeg
WARNING 2026-04-20 13:12:32,503 log "GET /media/https%3A/sagesseimmobiliere.com/wp-content/uploads/2021/10/WhatsApp-Image-2021-09-21-at-17.01.37-818x540.jpeg HTTP/1.1" 404 5675
INFO 2026-04-20 13:12:33,595 log "GET /admin-cabinet-bou-2024/ HTTP/1.1" 200 21635
INFO 2026-04-20 13:12:33,659 log "GET /api/annonces/ HTTP/1.1" 200 484
WARNING 2026-04-20 13:12:33,692 log Not Found: /media/https:/sagesseimmobiliere.com/wp-content/uploads/2021/10/WhatsApp-Image-2021-09-21-at-17.01.37-818x540.jpeg
WARNING 2026-04-20 13:12:33,696 log "GET /media/https%3A/sagesseimmobiliere.com/wp-content/uploads/2021/10/WhatsApp-Image-2021-09-21-at-17.01.37-818x540.jpeg HTTP/1.1" 404 5675
INFO 2026-04-20 13:12:39,526 log "GET /admin/ HTTP/1.1" 200 11861
INFO 2026-04-20 13:12:45,263 log "GET /admin/annonces/annonce/add/ HTTP/1.1" 200 29346
INFO 2026-04-20 13:12:45,312 log "GET /admin/jsi18n/ HTTP/1.1" 200 3342
INFO 2026-04-20 13:14:48,161 log "POST /admin/annonces/annonce/add/ HTTP/1.1" 302 0
INFO 2026-04-20 13:14:48,573 log "GET /admin/annonces/annonce/ HTTP/1.1" 200 16915
INFO 2026-04-20 13:14:48,651 log "GET /static/admin/css/changelists.css HTTP/1.1" 304 0
INFO 2026-04-20 13:14:48,672 log "GET /admin/jsi18n/ HTTP/1.1" 200 3342
INFO 2026-04-20 13:14:48,704 log "GET /static/admin/img/search.svg HTTP/1.1" 304 0
INFO 2026-04-20 13:14:48,715 log "GET /static/admin/img/icon-yes.svg HTTP/1.1" 304 0
INFO 2026-04-20 13:14:48,733 log "GET /static/admin/js/filters.js HTTP/1.1" 304 0
INFO 2026-04-20 13:14:48,781 log "GET /static/admin/img/tooltag-add.svg HTTP/1.1" 304 0
INFO 2026-04-20 13:14:48,782 log "GET /static/admin/img/icon-viewlink.svg HTTP/1.1" 304 0
INFO 2026-04-20 13:15:18,086 log "POST /admin/annonces/annonce/ HTTP/1.1" 302 0
INFO 2026-04-20 13:15:18,128 log "GET /admin/annonces/annonce/ HTTP/1.1" 200 16834
INFO 2026-04-20 13:15:18,178 log "GET /admin/jsi18n/ HTTP/1.1" 200 3342
INFO 2026-04-20 13:15:18,288 log "GET /static/admin/img/icon-alert.svg HTTP/1.1" 200 684
INFO 2026-04-20 13:15:21,093 log "GET /admin/annonces/annonce/2/change/ HTTP/1.1" 200 33633
INFO 2026-04-20 13:15:21,141 log "GET /admin/jsi18n/ HTTP/1.1" 200 3342
INFO 2026-04-20 13:16:05,839 log "GET /admin/annonces/annonce/ HTTP/1.1" 200 16709
INFO 2026-04-20 13:16:13,136 log "GET / HTTP/1.1" 200 21517
INFO 2026-04-20 13:16:13,190 log "GET /static/annonces/js/script.js HTTP/1.1" 304 0
INFO 2026-04-20 13:16:13,237 log "GET /api/annonces/ HTTP/1.1" 200 913
WARNING 2026-04-20 13:16:13,287 log Not Found: /media/https:/sagesseimmobiliere.com/wp-content/uploads/2021/10/WhatsApp-Image-2021-09-21-at-17.01.37-818x540.jpeg
WARNING 2026-04-20 13:16:13,314 log "GET /media/https%3A/sagesseimmobiliere.com/wp-content/uploads/2021/10/WhatsApp-Image-2021-09-21-at-17.01.37-818x540.jpeg HTTP/1.1" 404 5675
INFO 2026-04-20 13:16:13,323 log "GET /media/annonces/images/Rectangle_19-1.jpg HTTP/1.1" 200 73975
INFO 2026-04-20 13:16:17,612 log "GET /media/annonces/images/Rectangle_19-2.jpg HTTP/1.1" 200 39336
INFO 2026-04-20 13:16:17,640 log "GET /media/annonces/images/Rectangle_402.jpg HTTP/1.1" 200 91939
INFO 2026-04-20 13:16:17,654 log "GET /media/annonces/images/Rectangle_19.jpg HTTP/1.1" 200 64460
INFO 2026-04-20 13:16:38,896 log "GET /admin/annonces/annonce/ HTTP/1.1" 200 16709
INFO 2026-04-20 13:16:40,901 log "GET /admin/annonces/annonce/2/change/ HTTP/1.1" 200 33633
INFO 2026-04-20 13:16:40,947 log "GET /admin/jsi18n/ HTTP/1.1" 200 3342
INFO 2026-04-20 13:16:44,676 log "GET /admin/annonces/ HTTP/1.1" 200 7935
INFO 2026-04-20 13:16:47,024 log "GET /admin/ HTTP/1.1" 200 12246
INFO 2026-04-20 13:32:26,132 log "GET / HTTP/1.1" 200 21517
INFO 2026-04-20 13:32:26,196 log "GET /static/annonces/js/script.js HTTP/1.1" 304 0
INFO 2026-04-20 13:32:26,264 log "GET /api/annonces/ HTTP/1.1" 200 913
WARNING 2026-04-20 13:32:26,851 log Not Found: /media/https:/sagesseimmobiliere.com/wp-content/uploads/2021/10/WhatsApp-Image-2021-09-21-at-17.01.37-818x540.jpeg
INFO 2026-04-20 13:32:26,854 log "GET /media/annonces/images/Rectangle_19-1.jpg HTTP/1.1" 304 0
WARNING 2026-04-20 13:32:26,864 log "GET /media/https%3A/sagesseimmobiliere.com/wp-content/uploads/2021/10/WhatsApp-Image-2021-09-21-at-17.01.37-818x540.jpeg HTTP/1.1" 404 5675
INFO 2026-04-20 13:43:33,101 log "GET /admin-cabinet-bou-2024/ HTTP/1.1" 200 21635
INFO 2026-04-20 13:43:33,167 log "GET /static/annonces/js/script.js HTTP/1.1" 304 0
INFO 2026-04-20 13:43:37,058 log "GET /api/annonces/ HTTP/1.1" 200 913
INFO 2026-04-20 13:43:37,198 log "GET /media/annonces/images/Rectangle_19-1.jpg HTTP/1.1" 304 0
WARNING 2026-04-20 13:43:37,230 log Not Found: /media/https:/sagesseimmobiliere.com/wp-content/uploads/2021/10/WhatsApp-Image-2021-09-21-at-17.01.37-818x540.jpeg
WARNING 2026-04-20 13:43:37,231 log "GET /media/https%3A/sagesseimmobiliere.com/wp-content/uploads/2021/10/WhatsApp-Image-2021-09-21-at-17.01.37-818x540.jpeg HTTP/1.1" 404 5675
INFO 2026-04-20 13:43:57,567 log "PUT /api/annonces/A001/modifier/ HTTP/1.1" 200 17
INFO 2026-04-20 13:43:57,610 log "GET /api/annonces/ HTTP/1.1" 200 913
WARNING 2026-04-20 13:43:57,636 log Not Found: /media/https:/sagesseimmobiliere.com/wp-content/uploads/2021/10/WhatsApp-Image-2021-09-21-at-17.01.37-818x540.jpeg
WARNING 2026-04-20 13:43:57,641 log "GET /media/https%3A/sagesseimmobiliere.com/wp-content/uploads/2021/10/WhatsApp-Image-2021-09-21-at-17.01.37-818x540.jpeg HTTP/1.1" 404 5675
WARNING 2026-04-20 13:44:11,791 log Not Found: /api/annonces//modifier/
WARNING 2026-04-20 13:44:11,792 log "PUT /api/annonces//modifier/ HTTP/1.1" 404 5098
WARNING 2026-04-20 13:44:16,095 log Not Found: /api/annonces//modifier/
WARNING 2026-04-20 13:44:16,095 log "PUT /api/annonces//modifier/ HTTP/1.1" 404 5098
WARNING 2026-04-20 13:44:23,826 log Not Found: /api/annonces//modifier/
WARNING 2026-04-20 13:44:23,827 log "PUT /api/annonces//modifier/ HTTP/1.1" 404 5098
INFO 2026-04-20 13:50:27,312 autoreload C:\Users\TOSHIBA\cabinet_django\annonces\views.py changed, reloading.
INFO 2026-04-20 13:50:33,874 autoreload Watching for file changes with StatReloader
INFO 2026-04-20 13:51:17,477 autoreload C:\Users\TOSHIBA\cabinet_django\annonces\views.py changed, reloading.
INFO 2026-04-20 13:51:19,355 autoreload Watching for file changes with StatReloader
INFO 2026-04-20 13:52:35,327 autoreload C:\Users\TOSHIBA\cabinet_django\annonces\urls.py changed, reloading.
INFO 2026-04-20 13:52:38,258 autoreload Watching for file changes with StatReloader
INFO 2026-04-20 13:52:59,971 autoreload C:\Users\TOSHIBA\cabinet_django\annonces\urls.py changed, reloading.
INFO 2026-04-20 13:53:02,171 autoreload Watching for file changes with StatReloader
INFO 2026-04-20 13:53:18,802 log "GET / HTTP/1.1" 200 21517
INFO 2026-04-20 13:53:18,842 log "GET /static/annonces/css/style.css HTTP/1.1" 304 0
INFO 2026-04-20 13:53:19,257 log "GET /static/annonces/js/script.js HTTP/1.1" 200 34891
INFO 2026-04-20 13:53:19,918 log "GET /api/annonces/ HTTP/1.1" 200 913
INFO 2026-04-20 13:53:20,001 log "GET /media/annonces/images/Rectangle_19-1.jpg HTTP/1.1" 304 0
WARNING 2026-04-20 13:53:20,013 log Not Found: /media/https:/sagesseimmobiliere.com/wp-content/uploads/2021/10/WhatsApp-Image-2021-09-21-at-17.01.37-818x540.jpeg
WARNING 2026-04-20 13:53:20,016 log "GET /media/https%3A/sagesseimmobiliere.com/wp-content/uploads/2021/10/WhatsApp-Image-2021-09-21-at-17.01.37-818x540.jpeg HTTP/1.1" 404 5675
INFO 2026-04-20 13:53:24,023 log "GET /admin-cabinet-bou-2024/ HTTP/1.1" 200 21635
INFO 2026-04-20 13:53:24,403 log "GET /api/annonces/ HTTP/1.1" 200 913
WARNING 2026-04-20 13:53:24,564 log Not Found: /media/https:/sagesseimmobiliere.com/wp-content/uploads/2021/10/WhatsApp-Image-2021-09-21-at-17.01.37-818x540.jpeg
WARNING 2026-04-20 13:53:24,564 log "GET /media/https%3A/sagesseimmobiliere.com/wp-content/uploads/2021/10/WhatsApp-Image-2021-09-21-at-17.01.37-818x540.jpeg HTTP/1.1" 404 5675
WARNING 2026-04-20 13:53:48,298 log Not Found: /api/annonces//modifier/
WARNING 2026-04-20 13:53:48,299 log "POST /api/annonces//modifier/ HTTP/1.1" 404 5099
WARNING 2026-04-20 13:53:50,045 log Not Found: /api/annonces//modifier/
WARNING 2026-04-20 13:53:50,046 log "POST /api/annonces//modifier/ HTTP/1.1" 404 5099
WARNING 2026-04-20 14:04:28,445 log Not Found: /.well-known/appspecific/com.chrome.devtools.json
WARNING 2026-04-20 14:04:28,447 log "GET /.well-known/appspecific/com.chrome.devtools.json HTTP/1.1" 404 5173
INFO 2026-04-20 14:06:34,304 log "POST /api/annonces/A001/modifier/ HTTP/1.1" 200 17
INFO 2026-04-20 14:06:34,355 log "GET /api/annonces/ HTTP/1.1" 200 859
INFO 2026-04-20 14:06:34,380 log "GET /media/annonces/images/Rectangle_19-1.jpg HTTP/1.1" 304 0
INFO 2026-04-20 14:06:34,399 log "GET /media/annonces/images/comment-installer-camera-1024x683-1.jpg HTTP/1.1" 200 46044
INFO 2026-04-20 14:07:04,143 log "POST /api/annonces/A001/modifier/ HTTP/1.1" 200 17
INFO 2026-04-20 14:07:04,196 log "GET /api/annonces/ HTTP/1.1" 200 849
INFO 2026-04-20 14:07:04,328 log "GET /media/annonces/images/Formation-Bail-commercial.png HTTP/1.1" 200 381940
INFO 2026-04-20 14:07:21,342 log "POST /api/annonces/A001/modifier/ HTTP/1.1" 200 17
INFO 2026-04-20 14:07:21,394 log "GET /api/annonces/ HTTP/1.1" 200 846
INFO 2026-04-20 14:07:21,462 log "GET /media/annonces/images/Rectangle_19-1_Bsz77OB.jpg HTTP/1.1" 200 73975
WARNING 2026-04-20 14:07:34,956 log Not Found: /api/annonces//supprimer/
WARNING 2026-04-20 14:07:34,958 log "DELETE /api/annonces//supprimer/ HTTP/1.1" 404 5104
WARNING 2026-04-20 14:07:40,229 log Not Found: /api/annonces//supprimer/
WARNING 2026-04-20 14:07:40,230 log "DELETE /api/annonces//supprimer/ HTTP/1.1" 404 5104
INFO 2026-04-20 14:07:45,163 log "DELETE /api/annonces/A001/supprimer/ HTTP/1.1" 200 17
INFO 2026-04-20 14:07:45,197 log "GET /api/annonces/ HTTP/1.1" 200 429
WARNING 2026-04-20 14:07:48,719 log Not Found: /api/annonces//supprimer/
WARNING 2026-04-20 14:07:48,720 log "DELETE /api/annonces//supprimer/ HTTP/1.1" 404 5104
WARNING 2026-04-20 14:07:55,214 log Not Found: /api/annonces//supprimer/
WARNING 2026-04-20 14:07:55,215 log "DELETE /api/annonces//supprimer/ HTTP/1.1" 404 5104
WARNING 2026-04-20 14:08:01,748 log Not Found: /api/annonces//supprimer/
WARNING 2026-04-20 14:08:01,750 log "DELETE /api/annonces//supprimer/ HTTP/1.1" 404 5104
WARNING 2026-04-20 14:08:11,962 log Not Found: /api/annonces//supprimer/
WARNING 2026-04-20 14:08:11,962 log "DELETE /api/annonces//supprimer/ HTTP/1.1" 404 5104
WARNING 2026-04-20 14:08:21,932 log Not Found: /api/annonces//supprimer/
WARNING 2026-04-20 14:08:21,934 log "DELETE /api/annonces//supprimer/ HTTP/1.1" 404 5104
WARNING 2026-04-20 14:08:50,306 log Not Found: /api/annonces//supprimer/
WARNING 2026-04-20 14:08:50,306 log "DELETE /api/annonces//supprimer/ HTTP/1.1" 404 5104
INFO 2026-04-20 14:09:07,809 log "GET /admin/ HTTP/1.1" 200 12246
INFO 2026-04-20 14:09:15,805 log "GET /admin/annonces/annonce/ HTTP/1.1" 200 16192
INFO 2026-04-20 14:09:16,104 log "GET /admin/jsi18n/ HTTP/1.1" 200 3342
INFO 2026-04-20 14:09:32,885 log "POST /admin/annonces/annonce/ HTTP/1.1" 200 12244
INFO 2026-04-20 14:09:33,738 log "GET /static/admin/js/cancel.js HTTP/1.1" 200 884
INFO 2026-04-20 14:09:35,314 log "POST /admin/annonces/annonce/ HTTP/1.1" 302 0
INFO 2026-04-20 14:09:35,400 log "GET /admin/annonces/annonce/ HTTP/1.1" 200 14062
INFO 2026-04-20 14:09:35,462 log "GET /admin/jsi18n/ HTTP/1.1" 200 3342
INFO 2026-04-20 14:09:42,136 log "GET /admin/ HTTP/1.1" 200 12555
INFO 2026-04-20 14:09:42,293 log "GET /static/admin/img/icon-deletelink.svg HTTP/1.1" 200 689
INFO 2026-04-20 14:09:46,440 log "GET /admin-cabinet-bou-2024/ HTTP/1.1" 200 21635
INFO 2026-04-20 14:09:46,488 log "GET /static/annonces/js/script.js HTTP/1.1" 304 0
INFO 2026-04-20 14:09:46,579 log "GET /api/annonces/ HTTP/1.1" 200 2
INFO 2026-04-20 14:13:49,438 log "POST /api/annonces/creer/ HTTP/1.1" 200 31
INFO 2026-04-20 14:13:49,471 log "GET /api/annonces/ HTTP/1.1" 200 492
INFO 2026-04-20 14:13:49,520 log "GET /media/annonces/images/Rectangle_19-1_2V1zqZ0.jpg HTTP/1.1" 200 73975
INFO 2026-04-20 14:14:05,113 log "GET /media/annonces/images/Rectangle_402_4KaQCMJ.jpg HTTP/1.1" 200 91939
INFO 2026-04-20 14:14:05,126 log "GET /media/annonces/images/Rectangle_19-2_prfSjAm.jpg HTTP/1.1" 200 39336
INFO 2026-04-20 14:14:05,132 log "GET /media/annonces/images/Rectangle_19_Lw9ql5M.jpg HTTP/1.1" 200 64460
INFO 2026-04-20 14:14:27,266 log "POST /api/annonce/A001/commentaire/ HTTP/1.1" 200 17
INFO 2026-04-20 14:14:27,305 log "GET /api/annonces/ HTTP/1.1" 200 564
INFO 2026-04-20 14:25:02,620 autoreload Watching for file changes with StatReloader
INFO 2026-04-20 14:25:08,798 log "GET /2fa/setup/ HTTP/1.1" 200 5594
INFO 2026-04-20 14:26:42,898 log "GET /2fa/setup/ HTTP/1.1" 200 5594
INFO 2026-04-20 14:26:45,382 log "GET /2fa/setup/ HTTP/1.1" 200 5594
INFO 2026-04-20 14:26:46,300 log "GET /2fa/setup/ HTTP/1.1" 200 5594
INFO 2026-04-20 14:28:40,507 autoreload C:\Users\TOSHIBA\cabinet_django\annonces\views.py changed, reloading.
INFO 2026-04-20 14:28:42,058 autoreload Watching for file changes with StatReloader
INFO 2026-04-20 14:30:50,931 autoreload C:\Users\TOSHIBA\cabinet_django\annonces\views.py changed, reloading.
INFO 2026-04-20 14:30:52,457 autoreload Watching for file changes with StatReloader
INFO 2026-04-20 14:31:46,120 autoreload Watching for file changes with StatReloader
INFO 2026-04-20 14:31:59,827 log "GET /2fa/setup/ HTTP/1.1" 200 7368
INFO 2026-04-20 14:36:46,623 log "POST /2fa/setup/ HTTP/1.1" 200 7368
INFO 2026-04-20 14:38:31,431 log "POST /2fa/setup/ HTTP/1.1" 200 7368
INFO 2026-04-20 14:41:43,767 log "POST /2fa/setup/ HTTP/1.1" 200 7368
INFO 2026-04-20 14:42:14,796 log "POST /2fa/setup/ HTTP/1.1" 200 7368
INFO 2026-04-20 14:42:52,998 log "POST /2fa/setup/ HTTP/1.1" 200 7368
INFO 2026-04-20 14:44:35,729 autoreload C:\Users\TOSHIBA\cabinet_django\annonces\views.py changed, reloading.
INFO 2026-04-20 14:44:37,195 autoreload Watching for file changes with StatReloader
INFO 2026-04-20 14:45:42,309 autoreload Watching for file changes with StatReloader
INFO 2026-04-20 14:45:52,875 log "GET / HTTP/1.1" 200 21517
INFO 2026-04-20 14:45:53,091 log "GET /static/annonces/js/script.js HTTP/1.1" 304 0
INFO 2026-04-20 14:45:53,157 log "GET /api/annonces/ HTTP/1.1" 200 564
INFO 2026-04-20 14:45:53,787 log "GET /media/annonces/images/Rectangle_19-1_2V1zqZ0.jpg HTTP/1.1" 304 0
INFO 2026-04-20 14:46:27,333 log "GET /accounts/login/ HTTP/1.1" 200 3124
INFO 2026-04-20 14:46:35,148 log "GET /admin-cabinet-bou-2024/ HTTP/1.1" 200 21635
INFO 2026-04-20 14:46:35,448 log "GET /api/annonces/ HTTP/1.1" 200 564
INFO 2026-04-20 14:47:07,461 log "GET /2fa/setup/ HTTP/1.1" 200 5636
INFO 2026-04-20 14:48:52,030 log "POST /2fa/setup/ HTTP/1.1" 302 0
INFO 2026-04-20 14:48:52,084 log "GET /2fa/setup/ HTTP/1.1" 200 5108
INFO 2026-04-20 14:49:08,511 log "POST /2fa/setup/ HTTP/1.1" 302 0
INFO 2026-04-20 14:49:08,570 log "GET /2fa/setup/ HTTP/1.1" 200 5108
INFO 2026-04-20 14:49:19,118 log "GET /2fa/setup/ HTTP/1.1" 200 4954
INFO 2026-04-20 14:49:41,910 log "POST /2fa/setup/ HTTP/1.1" 302 0
INFO 2026-04-20 14:49:41,991 log "GET /2fa/setup/ HTTP/1.1" 200 5108
INFO 2026-04-20 14:51:09,115 autoreload C:\Users\TOSHIBA\cabinet_django\annonces\views.py changed, reloading.
INFO 2026-04-20 14:51:11,039 autoreload Watching for file changes with StatReloader
INFO 2026-04-20 14:57:06,999 autoreload Watching for file changes with StatReloader
INFO 2026-04-20 14:57:17,367 log "GET /2fa/setup/ HTTP/1.1" 200 5328
INFO 2026-04-20 14:58:08,497 log "POST /2fa/setup/ HTTP/1.1" 200 5512
INFO 2026-04-20 15:00:08,062 autoreload C:\Users\TOSHIBA\cabinet_django\annonces\views.py changed, reloading.
INFO 2026-04-20 15:00:09,849 autoreload Watching for file changes with StatReloader
INFO 2026-04-20 15:01:00,689 autoreload C:\Users\TOSHIBA\cabinet_django\annonces\views.py changed, reloading.
INFO 2026-04-20 15:01:01,962 autoreload Watching for file changes with StatReloader
INFO 2026-04-20 15:02:09,273 autoreload Watching for file changes with StatReloader
ERROR 2026-04-20 15:02:19,070 log Internal Server Error: /2fa/setup/
Traceback (most recent call last):
  File "C:\Users\TOSHIBA\cabinet_django\venv\Lib\site-packages\django\core\handlers\exception.py", line 55, in inner
    response = get_response(request)
  File "C:\Users\TOSHIBA\cabinet_django\venv\Lib\site-packages\django\core\handlers\base.py", line 198, in _get_response
    response = wrapped_callback(request, *callback_args, **callback_kwargs)
  File "C:\Users\TOSHIBA\cabinet_django\venv\Lib\site-packages\django\contrib\auth\decorators.py", line 59, in _view_wrapper
    return view_func(request, *args, **kwargs)
  File "C:\Users\TOSHIBA\cabinet_django\annonces\views.py", line 272, in setup_2fa
    if device.verify_token(token):
       ~~~~~~~~~~~~~~~~~~~^^^^^^^
  File "C:\Users\TOSHIBA\cabinet_django\venv\Lib\site-packages\django_otp\plugins\otp_totp\models.py", line 121, in verify_token
    key = self.bin_key
          ^^^^^^^^^^^^
  File "C:\Users\TOSHIBA\cabinet_django\venv\Lib\site-packages\django_otp\plugins\otp_totp\models.py", line 107, in bin_key
    return unhexlify(self.key.encode())
binascii.Error: Non-hexadecimal digit found
ERROR 2026-04-20 15:02:19,077 log "POST /2fa/setup/ HTTP/1.1" 500 88374
INFO 2026-04-20 15:09:05,364 autoreload C:\Users\TOSHIBA\cabinet_django\annonces\views.py changed, reloading.
INFO 2026-04-20 15:09:08,170 autoreload Watching for file changes with StatReloader
INFO 2026-04-20 15:10:07,036 autoreload C:\Users\TOSHIBA\cabinet_django\App\settings.py changed, reloading.
INFO 2026-04-20 15:10:08,626 autoreload Watching for file changes with StatReloader
INFO 2026-04-20 15:10:27,271 autoreload C:\Users\TOSHIBA\cabinet_django\App\settings.py changed, reloading.
INFO 2026-04-20 15:10:28,746 autoreload Watching for file changes with StatReloader
INFO 2026-04-20 15:12:01,443 autoreload Watching for file changes with StatReloader
INFO 2026-04-20 15:13:44,987 autoreload C:\Users\TOSHIBA\cabinet_django\App\settings.py changed, reloading.
INFO 2026-04-20 15:13:46,860 autoreload Watching for file changes with StatReloader
INFO 2026-04-20 15:14:45,699 autoreload Watching for file changes with StatReloader
INFO 2026-04-20 15:21:36,929 autoreload Watching for file changes with StatReloader
INFO 2026-04-20 15:23:38,175 log "GET / HTTP/1.1" 200 21517
INFO 2026-04-20 15:23:38,411 log "GET /static/annonces/js/script.js HTTP/1.1" 304 0
INFO 2026-04-20 15:23:38,473 log "GET /api/annonces/ HTTP/1.1" 200 2
INFO 2026-04-20 15:23:47,215 log "GET /admin-cabinet-bou-2024/ HTTP/1.1" 302 0
INFO 2026-04-20 15:23:47,252 log "GET /accounts/login/?next=/admin-cabinet-bou-2024/ HTTP/1.1" 200 3124
WARNING 2026-04-20 15:24:27,666 log Not Found: /2fa/setup/
WARNING 2026-04-20 15:24:27,667 log "GET /2fa/setup/ HTTP/1.1" 404 4798
WARNING 2026-04-20 15:24:28,503 log Not Found: /2fa/setup/
WARNING 2026-04-20 15:24:28,504 log "GET /2fa/setup/ HTTP/1.1" 404 4798
INFO 2026-04-20 15:25:53,139 log "GET /api/annonces/ HTTP/1.1" 200 2
INFO 2026-04-20 15:26:42,462 log "GET /api/annonces/ HTTP/1.1" 200 2
WARNING 2026-04-20 15:28:56,478 log Not Found: /2fa/setup/
WARNING 2026-04-20 15:28:56,479 log "GET /2fa/setup/ HTTP/1.1" 404 4798
WARNING 2026-04-20 15:28:57,378 log Not Found: /2fa/setup/
WARNING 2026-04-20 15:28:57,379 log "GET /2fa/setup/ HTTP/1.1" 404 4798
INFO 2026-04-20 15:30:53,171 log "GET / HTTP/1.1" 200 21517
INFO 2026-04-20 15:30:53,480 log "GET /api/annonces/ HTTP/1.1" 200 2
WARNING 2026-04-20 15:31:20,639 log Not Found: /2fa/setup/
WARNING 2026-04-20 15:31:20,640 log "GET /2fa/setup/ HTTP/1.1" 404 4798
WARNING 2026-04-20 15:31:21,401 log Not Found: /2fa/setup/
WARNING 2026-04-20 15:31:21,402 log "GET /2fa/setup/ HTTP/1.1" 404 4798
INFO 2026-04-20 15:41:48,438 log "GET / HTTP/1.1" 200 21541
INFO 2026-04-20 15:41:48,502 log "GET /static/annonces/js/script.js HTTP/1.1" 304 0
INFO 2026-04-20 15:41:48,591 log "GET /api/annonces/ HTTP/1.1" 200 2
INFO 2026-04-20 15:44:11,523 log "GET / HTTP/1.1" 200 21527
INFO 2026-04-20 15:44:11,892 log "GET /api/annonces/ HTTP/1.1" 200 2
INFO 2026-04-20 16:04:33,514 log "GET / HTTP/1.1" 200 21614
INFO 2026-04-20 16:04:34,433 log "GET /static/annonces/css/style.css HTTP/1.1" 304 0
INFO 2026-04-20 16:04:34,434 log "GET /static/annonces/js/script.js HTTP/1.1" 304 0
INFO 2026-04-20 16:04:34,502 log "GET /api/annonces/ HTTP/1.1" 200 2
INFO 2026-04-20 16:08:35,084 log "GET / HTTP/1.1" 200 21668
WARNING 2026-04-20 16:08:35,146 log "GET /static/annonces/images/logo.png HTTP/1.1" 404 1886
INFO 2026-04-20 16:08:35,164 log "GET /api/annonces/ HTTP/1.1" 200 2
INFO 2026-04-20 16:14:04,655 log "GET / HTTP/1.1" 200 21677
WARNING 2026-04-20 16:14:04,748 log "GET /static/annonces/images/Logo_Cabinet.jpeg HTTP/1.1" 404 1913
INFO 2026-04-20 16:14:05,037 log "GET /api/annonces/ HTTP/1.1" 200 2
INFO 2026-04-20 16:14:08,091 log "GET / HTTP/1.1" 200 21677
WARNING 2026-04-20 16:14:08,138 log "GET /static/annonces/images/Logo_Cabinet.jpeg HTTP/1.1" 404 1913
INFO 2026-04-20 16:14:08,161 log "GET /api/annonces/ HTTP/1.1" 200 2
INFO 2026-04-20 16:14:09,226 log "GET / HTTP/1.1" 200 21677
WARNING 2026-04-20 16:14:09,273 log "GET /static/annonces/images/Logo_Cabinet.jpeg HTTP/1.1" 404 1913
INFO 2026-04-20 16:14:09,291 log "GET /api/annonces/ HTTP/1.1" 200 2
INFO 2026-04-20 16:15:59,222 log "GET / HTTP/1.1" 200 21677
WARNING 2026-04-20 16:15:59,289 log "GET /static/annonces/images/Logo_Cabinet.jpeg HTTP/1.1" 404 1913
INFO 2026-04-20 16:15:59,325 log "GET /api/annonces/ HTTP/1.1" 200 2
INFO 2026-04-20 16:16:00,030 log "GET / HTTP/1.1" 200 21677
WARNING 2026-04-20 16:16:00,089 log "GET /static/annonces/images/Logo_Cabinet.jpeg HTTP/1.1" 404 1913
INFO 2026-04-20 16:16:00,179 log "GET /api/annonces/ HTTP/1.1" 200 2
INFO 2026-04-20 16:16:00,721 log "GET / HTTP/1.1" 200 21677
WARNING 2026-04-20 16:16:00,775 log "GET /static/annonces/images/Logo_Cabinet.jpeg HTTP/1.1" 404 1913
INFO 2026-04-20 16:16:00,785 log "GET /api/annonces/ HTTP/1.1" 200 2
INFO 2026-04-20 16:16:01,610 log "GET / HTTP/1.1" 200 21677
WARNING 2026-04-20 16:16:01,720 log "GET /static/annonces/images/Logo_Cabinet.jpeg HTTP/1.1" 404 1913
INFO 2026-04-20 16:16:01,726 log "GET /api/annonces/ HTTP/1.1" 200 2
INFO 2026-04-20 16:16:02,518 log "GET / HTTP/1.1" 200 21677
WARNING 2026-04-20 16:16:02,574 log "GET /static/annonces/images/Logo_Cabinet.jpeg HTTP/1.1" 404 1913
INFO 2026-04-20 16:16:02,618 log "GET /api/annonces/ HTTP/1.1" 200 2
INFO 2026-04-20 16:16:03,161 log "GET / HTTP/1.1" 200 21677
WARNING 2026-04-20 16:16:03,211 log "GET /static/annonces/images/Logo_Cabinet.jpeg HTTP/1.1" 404 1913
INFO 2026-04-20 16:16:03,265 log "GET /api/annonces/ HTTP/1.1" 200 2
INFO 2026-04-20 16:16:03,740 log "GET / HTTP/1.1" 200 21677
WARNING 2026-04-20 16:16:03,784 log "GET /static/annonces/images/Logo_Cabinet.jpeg HTTP/1.1" 404 1913
INFO 2026-04-20 16:16:03,791 log "GET /api/annonces/ HTTP/1.1" 200 2
INFO 2026-04-20 16:17:12,740 log "GET / HTTP/1.1" 200 21677
INFO 2026-04-20 16:17:12,839 log "GET /api/annonces/ HTTP/1.1" 200 2
INFO 2026-04-20 16:17:13,027 log "GET /static/annonces/images/Logo_Cabinet.jpeg HTTP/1.1" 200 48890
INFO 2026-04-20 16:17:37,572 log "GET / HTTP/1.1" 200 21677
INFO 2026-04-20 16:17:37,728 log "GET /api/annonces/ HTTP/1.1" 200 2
INFO 2026-04-20 16:18:00,467 log "GET / HTTP/1.1" 200 21677
INFO 2026-04-20 16:18:00,504 log "GET /static/annonces/images/Logo_Cabinet.jpeg HTTP/1.1" 304 0
INFO 2026-04-20 16:18:00,524 log "GET /api/annonces/ HTTP/1.1" 200 2
INFO 2026-04-20 16:18:49,117 log "GET / HTTP/1.1" 200 21677
INFO 2026-04-20 16:18:49,286 log "GET /static/annonces/images/Logo_Cabinet.jpeg HTTP/1.1" 304 0
INFO 2026-04-20 16:18:49,311 log "GET /static/annonces/js/script.js HTTP/1.1" 304 0
INFO 2026-04-20 16:18:49,476 log "GET /api/annonces/ HTTP/1.1" 200 2
INFO 2026-04-20 16:19:31,854 log "GET / HTTP/1.1" 200 21677
INFO 2026-04-20 16:19:31,902 log "GET /static/annonces/images/Logo_Cabinet.jpeg HTTP/1.1" 304 0
INFO 2026-04-20 16:19:31,919 log "GET /api/annonces/ HTTP/1.1" 200 2
INFO 2026-04-20 16:49:26,576 autoreload C:\Users\TOSHIBA\cabinet_django\App\settings.py changed, reloading.
INFO 2026-04-20 16:49:29,761 autoreload Watching for file changes with StatReloader
INFO 2026-04-20 16:49:59,131 autoreload C:\Users\TOSHIBA\cabinet_django\App\settings.py changed, reloading.
INFO 2026-04-20 16:50:00,649 autoreload Watching for file changes with StatReloader
INFO 2026-04-20 16:52:14,422 autoreload C:\Users\TOSHIBA\cabinet_django\App\settings.py changed, reloading.
INFO 2026-04-20 16:52:17,641 autoreload Watching for file changes with StatReloader
INFO 2026-04-21 20:53:41,123 autoreload Watching for file changes with StatReloader
INFO 2026-04-21 20:53:48,769 log "GET / HTTP/1.1" 200 12153
INFO 2026-04-21 20:53:49,120 log "GET /static/annonces/js/script.js HTTP/1.1" 200 15335
INFO 2026-04-21 20:53:49,122 log "GET /static/annonces/css/style.css HTTP/1.1" 200 18109
WARNING 2026-04-21 20:53:49,733 log "GET /static/annonces/images/logoibuce.jpg HTTP/1.1" 404 1901
WARNING 2026-04-21 20:53:49,734 log "GET /static/annonces/images/image-cyber.png HTTP/1.1" 404 1907
WARNING 2026-04-21 20:53:50,165 log Not Found: /media/{% static 'annonces/images/projet_bingerville.jpg' %}
WARNING 2026-04-21 20:53:50,166 log "GET /media/%7B%%20static%20'annonces/images/projet_bingerville.jpg'%20%%7D HTTP/1.1" 404 5251
WARNING 2026-04-21 20:53:50,182 log Not Found: /media/{% static 'annonces/images/projet_bouake2023.jpg' %}
WARNING 2026-04-21 20:53:50,189 log Not Found: /media/{% static 'annonces/images/projet_songon2023.jpg' %}
WARNING 2026-04-21 20:53:50,190 log "GET /media/%7B%%20static%20'annonces/images/projet_bouake2023.jpg'%20%%7D HTTP/1.1" 404 5247
WARNING 2026-04-21 20:53:50,194 log "GET /media/%7B%%20static%20'annonces/images/projet_songon2023.jpg'%20%%7D HTTP/1.1" 404 5247
WARNING 2026-04-21 20:53:50,272 log Not Found: /favicon.ico
WARNING 2026-04-21 20:53:50,273 log "GET /favicon.ico HTTP/1.1" 404 4801
WARNING 2026-04-21 20:54:16,556 log Not Found: /media/{% static 'annonces/images/projet_bingerville.jpg' %}
WARNING 2026-04-21 20:54:16,558 log "GET /media/%7B%%20static%20'annonces/images/projet_bingerville.jpg'%20%%7D HTTP/1.1" 404 5251
WARNING 2026-04-21 20:54:34,595 log Not Found: /media/{% static 'annonces/images/projet_centre_commercial.jpg' %}
WARNING 2026-04-21 20:54:34,601 log Not Found: /media/{% static 'annonces/images/projet_supermaket3.jpg' %}
WARNING 2026-04-21 20:54:34,613 log Not Found: /media/{% static 'annonces/images/projet_bingerville.jpg' %}
WARNING 2026-04-21 20:54:34,619 log Not Found: /media/{% static 'annonces/images/projet_supermarket.jpg' %}
WARNING 2026-04-21 20:54:34,620 log "GET /media/%7B%%20static%20'annonces/images/projet_centre_commercial.jpg'%20%%7D HTTP/1.1" 404 5275
WARNING 2026-04-21 20:54:34,620 log "GET /media/%7B%%20static%20'annonces/images/projet_supermaket3.jpg'%20%%7D HTTP/1.1" 404 5251
WARNING 2026-04-21 20:54:34,629 log "GET /media/%7B%%20static%20'annonces/images/projet_supermarket.jpg'%20%%7D HTTP/1.1" 404 5251
WARNING 2026-04-21 20:54:34,636 log Not Found: /media/{% static 'annonces/images/projet_bouake2023.jpg' %}
WARNING 2026-04-21 20:54:34,647 log Not Found: /media/{% static 'annonces/images/action_terrain4.jpg' %}
WARNING 2026-04-21 20:54:34,651 log "GET /media/%7B%%20static%20'annonces/images/projet_bingerville.jpg'%20%%7D HTTP/1.1" 404 5251
WARNING 2026-04-21 20:54:34,658 log Not Found: /media/{% static 'annonces/images/projet_songon2023.jpg' %}
WARNING 2026-04-21 20:54:34,667 log Not Found: /media/{% static 'annonces/images/actionterrain6.jpg' %}
WARNING 2026-04-21 20:54:34,668 log "GET /media/%7B%%20static%20'annonces/images/projet_bouake2023.jpg'%20%%7D HTTP/1.1" 404 5247
WARNING 2026-04-21 20:54:34,669 log "GET /media/%7B%%20static%20'annonces/images/action_terrain4.jpg'%20%%7D HTTP/1.1" 404 5239
WARNING 2026-04-21 20:54:34,680 log "GET /media/%7B%%20static%20'annonces/images/projet_songon2023.jpg'%20%%7D HTTP/1.1" 404 5247
WARNING 2026-04-21 20:54:34,681 log "GET /media/%7B%%20static%20'annonces/images/actionterrain6.jpg'%20%%7D HTTP/1.1" 404 5235
INFO 2026-04-21 21:00:01,126 log "GET / HTTP/1.1" 200 12153
INFO 2026-04-21 21:00:01,166 log "GET /static/annonces/css/style.css HTTP/1.1" 304 0
WARNING 2026-04-21 21:00:01,200 log "GET /static/annonces/images/image-cyber.png HTTP/1.1" 404 1907
INFO 2026-04-21 21:00:01,207 log "GET /static/annonces/js/script.js HTTP/1.1" 304 0
INFO 2026-04-21 21:00:01,211 log "GET /static/annonces/images/logoibuce.jpg HTTP/1.1" 200 17811
WARNING 2026-04-21 21:00:01,292 log Not Found: /media/{% static 'annonces/images/projet_bouake2023.jpg' %}
WARNING 2026-04-21 21:00:01,306 log Not Found: /media/{% static 'annonces/images/projet_bingerville.jpg' %}
WARNING 2026-04-21 21:00:01,306 log "GET /media/%7B%%20static%20'annonces/images/projet_bouake2023.jpg'%20%%7D HTTP/1.1" 404 5247
WARNING 2026-04-21 21:00:01,307 log "GET /media/%7B%%20static%20'annonces/images/projet_bingerville.jpg'%20%%7D HTTP/1.1" 404 5251
WARNING 2026-04-21 21:00:01,323 log Not Found: /media/{% static 'annonces/images/projet_songon2023.jpg' %}
WARNING 2026-04-21 21:00:01,324 log "GET /media/%7B%%20static%20'annonces/images/projet_songon2023.jpg'%20%%7D HTTP/1.1" 404 5247
WARNING 2026-04-21 21:00:09,103 log Not Found: /media/{% static 'annonces/images/projet_bingerville.jpg' %}
WARNING 2026-04-21 21:00:09,104 log "GET /media/%7B%%20static%20'annonces/images/projet_bingerville.jpg'%20%%7D HTTP/1.1" 404 5251
WARNING 2026-04-21 21:00:12,102 log Not Found: /media/{% static 'annonces/images/projet_bouake2023.jpg' %}
WARNING 2026-04-21 21:00:12,108 log Not Found: /media/{% static 'annonces/images/projet_songon2023.jpg' %}
WARNING 2026-04-21 21:00:12,114 log Not Found: /media/{% static 'annonces/images/projet_bingerville.jpg' %}
WARNING 2026-04-21 21:00:12,122 log Not Found: /media/{% static 'annonces/images/projet_centre_commercial.jpg' %}
WARNING 2026-04-21 21:00:12,123 log "GET /media/%7B%%20static%20'annonces/images/projet_bouake2023.jpg'%20%%7D HTTP/1.1" 404 5247
WARNING 2026-04-21 21:00:12,129 log "GET /media/%7B%%20static%20'annonces/images/projet_bingerville.jpg'%20%%7D HTTP/1.1" 404 5251
WARNING 2026-04-21 21:00:12,129 log "GET /media/%7B%%20static%20'annonces/images/projet_songon2023.jpg'%20%%7D HTTP/1.1" 404 5247
WARNING 2026-04-21 21:00:12,135 log Not Found: /media/{% static 'annonces/images/projet_supermaket3.jpg' %}
WARNING 2026-04-21 21:00:12,138 log "GET /media/%7B%%20static%20'annonces/images/projet_centre_commercial.jpg'%20%%7D HTTP/1.1" 404 5275
WARNING 2026-04-21 21:00:12,144 log Not Found: /media/{% static 'annonces/images/projet_supermarket.jpg' %}
WARNING 2026-04-21 21:00:12,155 log Not Found: /media/{% static 'annonces/images/action_terrain4.jpg' %}
WARNING 2026-04-21 21:00:12,169 log Not Found: /media/{% static 'annonces/images/actionterrain6.jpg' %}
WARNING 2026-04-21 21:00:12,170 log "GET /media/%7B%%20static%20'annonces/images/projet_supermaket3.jpg'%20%%7D HTTP/1.1" 404 5251
WARNING 2026-04-21 21:00:12,171 log "GET /media/%7B%%20static%20'annonces/images/projet_supermarket.jpg'%20%%7D HTTP/1.1" 404 5251
WARNING 2026-04-21 21:00:12,174 log "GET /media/%7B%%20static%20'annonces/images/action_terrain4.jpg'%20%%7D HTTP/1.1" 404 5239
WARNING 2026-04-21 21:00:12,175 log "GET /media/%7B%%20static%20'annonces/images/actionterrain6.jpg'%20%%7D HTTP/1.1" 404 5235
INFO 2026-04-21 21:17:34,613 log "GET / HTTP/1.1" 200 17452
WARNING 2026-04-21 21:17:34,683 log "GET /static/annonces/images/image-cyber.png HTTP/1.1" 404 1907
INFO 2026-04-21 21:17:34,683 log "GET /static/annonces/css/style.css HTTP/1.1" 200 2087
INFO 2026-04-21 21:17:34,720 log "GET /static/annonces/js/script.js HTTP/1.1" 200 22501
WARNING 2026-04-21 21:17:35,009 log Not Found: /api/projets/
WARNING 2026-04-21 21:17:35,010 log "GET /api/projets/ HTTP/1.1" 404 4804
INFO 2026-04-21 22:56:51,803 log "GET / HTTP/1.1" 200 17452
INFO 2026-04-21 22:56:52,460 log "GET /static/annonces/css/style.css HTTP/1.1" 304 0
WARNING 2026-04-21 22:56:52,470 log "GET /static/annonces/images/image-cyber.png HTTP/1.1" 404 1907
INFO 2026-04-21 22:56:52,470 log "GET /static/annonces/js/script.js HTTP/1.1" 304 0
WARNING 2026-04-21 22:56:53,601 log Not Found: /api/projets/
WARNING 2026-04-21 22:56:53,602 log "GET /api/projets/ HTTP/1.1" 404 4804
INFO 2026-04-21 23:02:40,875 log "GET / HTTP/1.1" 200 17480
WARNING 2026-04-21 23:02:40,978 log "GET /static/annonces/images/image-cyber.png HTTP/1.1" 404 1907
WARNING 2026-04-21 23:02:41,053 log Not Found: /api/projets/
WARNING 2026-04-21 23:02:41,055 log "GET /api/projets/ HTTP/1.1" 404 4804
INFO 2026-04-21 23:14:00,608 log "GET / HTTP/1.1" 200 19186
WARNING 2026-04-21 23:14:00,690 log "GET /static/annonces/images/image-cyber.png HTTP/1.1" 404 1907
INFO 2026-04-21 23:14:00,714 log "GET /static/annonces/css/style.css HTTP/1.1" 200 20717
INFO 2026-04-21 23:14:00,769 log "GET /static/annonces/js/script.js HTTP/1.1" 200 15563
INFO 2026-04-21 23:14:01,150 log "GET /static/annonces/images/projet_songon2023.jpg HTTP/1.1" 200 47075
INFO 2026-04-21 23:14:01,204 log "GET /static/annonces/images/projet_bingerville.jpg HTTP/1.1" 200 64852
INFO 2026-04-21 23:14:01,208 log "GET /static/annonces/images/projet_bouake2023.jpg HTTP/1.1" 200 68811
INFO 2026-04-21 23:14:01,209 log "GET /static/annonces/images/projet_supermarket.jpg HTTP/1.1" 200 45031
INFO 2026-04-21 23:14:01,274 log "GET /static/annonces/images/projet_centre_commercial.jpg HTTP/1.1" 200 85551
INFO 2026-04-21 23:14:01,371 log "GET /static/annonces/images/projet_supermaket3.jpg HTTP/1.1" 200 121073
INFO 2026-04-21 23:14:01,379 log "GET /static/annonces/images/action_terrain4.jpg HTTP/1.1" 200 66459
INFO 2026-04-21 23:14:01,381 log "GET /static/annonces/images/actionterrain6.jpg HTTP/1.1" 200 97719
INFO 2026-04-21 23:27:21,798 log "GET / HTTP/1.1" 200 27303
WARNING 2026-04-21 23:27:21,864 log "GET /static/annonces/images/image-cyber.png HTTP/1.1" 404 1907
INFO 2026-04-21 23:27:21,885 log "GET /static/annonces/css/style.css HTTP/1.1" 200 25970
INFO 2026-04-21 23:27:22,148 log "GET /static/annonces/js/script.js HTTP/1.1" 200 16393
INFO 2026-04-21 23:30:07,016 log "GET / HTTP/1.1" 200 27350
WARNING 2026-04-21 23:30:07,068 log "GET /static/annonces/images/image-cyber.png HTTP/1.1" 404 1907
INFO 2026-04-21 23:30:07,069 log "GET /static/annonces/css/style.css HTTP/1.1" 304 0
INFO 2026-04-21 23:30:07,082 log "GET /static/annonces/js/script.js HTTP/1.1" 304 0
INFO 2026-04-21 23:34:10,964 log "GET / HTTP/1.1" 200 27372
INFO 2026-04-21 23:34:11,026 log "GET /static/annonces/css/style.css HTTP/1.1" 304 0
WARNING 2026-04-21 23:34:11,026 log "GET /static/annonces/images/image-cyber.png HTTP/1.1" 404 1907
INFO 2026-04-21 23:34:11,029 log "GET /static/annonces/js/script.js HTTP/1.1" 304 0
INFO 2026-04-21 23:35:05,196 log "GET / HTTP/1.1" 200 27372
INFO 2026-04-21 23:35:05,258 log "GET /static/annonces/css/style.css HTTP/1.1" 304 0
WARNING 2026-04-21 23:35:05,271 log "GET /static/annonces/images/image-cyber.png HTTP/1.1" 404 1907
INFO 2026-04-21 23:35:05,273 log "GET /static/annonces/js/script.js HTTP/1.1" 304 0
INFO 2026-04-21 23:37:57,789 log "GET / HTTP/1.1" 200 27372
INFO 2026-04-21 23:37:57,830 log "GET /static/annonces/css/style.css HTTP/1.1" 304 0
INFO 2026-04-21 23:37:57,844 log "GET /static/annonces/js/script.js HTTP/1.1" 304 0
WARNING 2026-04-21 23:37:57,844 log "GET /static/annonces/images/image-cyber.png HTTP/1.1" 404 1907
INFO 2026-04-21 23:38:08,807 log "GET / HTTP/1.1" 200 27372
WARNING 2026-04-21 23:38:08,850 log "GET /static/annonces/images/image-cyber.png HTTP/1.1" 404 1907
INFO 2026-04-21 23:38:20,799 log "GET / HTTP/1.1" 200 27372
WARNING 2026-04-21 23:38:20,844 log "GET /static/annonces/images/image-cyber.png HTTP/1.1" 404 1907
INFO 2026-04-21 23:39:08,134 log "GET / HTTP/1.1" 200 27372
INFO 2026-04-21 23:39:08,225 log "GET /static/annonces/js/script.js HTTP/1.1" 304 0
WARNING 2026-04-21 23:39:08,225 log "GET /static/annonces/images/image-cyber.png HTTP/1.1" 404 1907
INFO 2026-04-21 23:39:23,059 log "GET / HTTP/1.1" 200 27372
INFO 2026-04-21 23:39:23,100 log "GET /static/annonces/css/style.css HTTP/1.1" 304 0
WARNING 2026-04-21 23:39:23,143 log "GET /static/annonces/images/image-cyber.png HTTP/1.1" 404 1907
INFO 2026-04-21 23:42:22,209 log "GET / HTTP/1.1" 200 26899
INFO 2026-04-21 23:42:22,269 log "GET /static/annonces/css/style.css HTTP/1.1" 304 0
INFO 2026-04-21 23:42:22,269 log "GET /static/annonces/js/script.js HTTP/1.1" 304 0
INFO 2026-04-21 23:43:09,717 log "GET / HTTP/1.1" 200 26899
INFO 2026-04-21 23:44:47,183 log "GET / HTTP/1.1" 200 26899
INFO 2026-04-21 23:44:47,261 log "GET /static/annonces/js/script.js HTTP/1.1" 304 0
INFO 2026-04-21 23:44:47,262 log "GET /static/annonces/css/style.css HTTP/1.1" 304 0
INFO 2026-04-21 23:55:46,202 log "GET / HTTP/1.1" 200 26837
WARNING 2026-04-21 23:55:46,268 log "GET /static/annonces/images/image-cyber.png HTTP/1.1" 404 1907
INFO 2026-04-21 23:55:46,292 log "GET /static/annonces/css/style.css HTTP/1.1" 200 26388
INFO 2026-04-21 23:55:46,380 log "GET /static/annonces/js/script.js HTTP/1.1" 200 16120
INFO 2026-04-21 23:58:24,427 log "GET / HTTP/1.1" 200 26364
INFO 2026-04-21 23:58:24,465 log "GET /static/annonces/css/style.css HTTP/1.1" 304 0
INFO 2026-04-21 23:58:24,471 log "GET /static/annonces/js/script.js HTTP/1.1" 304 0
INFO 2026-04-22 00:00:20,491 log "GET / HTTP/1.1" 200 26371
INFO 2026-04-22 00:00:20,542 log "GET /static/annonces/css/style.css HTTP/1.1" 304 0
INFO 2026-04-22 00:00:20,545 log "GET /static/annonces/js/script.js HTTP/1.1" 304 0
INFO 2026-04-22 00:10:30,426 autoreload C:\Users\TOSHIBA\Desktop\Ibuce\annonces\views.py changed, reloading.
INFO 2026-04-22 00:10:39,972 autoreload Watching for file changes with StatReloader
INFO 2026-04-22 00:13:43,197 autoreload C:\Users\TOSHIBA\Desktop\Ibuce\annonces\models.py changed, reloading.
INFO 2026-04-22 00:13:44,549 autoreload Watching for file changes with StatReloader
INFO 2026-04-22 00:14:46,210 autoreload Watching for file changes with StatReloader
INFO 2026-04-22 00:17:34,367 autoreload C:\Users\TOSHIBA\Desktop\Ibuce\annonces\models.py changed, reloading.
INFO 2026-04-22 00:17:35,913 autoreload Watching for file changes with StatReloader
INFO 2026-04-22 00:18:42,351 autoreload C:\Users\TOSHIBA\Desktop\Ibuce\annonces\views.py changed, reloading.
INFO 2026-04-22 00:18:44,112 autoreload Watching for file changes with StatReloader
INFO 2026-04-22 00:19:03,547 autoreload C:\Users\TOSHIBA\Desktop\Ibuce\annonces\urls.py changed, reloading.
INFO 2026-04-22 00:19:04,819 autoreload Watching for file changes with StatReloader
INFO 2026-04-22 00:26:53,407 log "GET / HTTP/1.1" 200 26361
INFO 2026-04-22 00:26:53,407 log "GET /static/annonces/js/script.js HTTP/1.1" 304 0
INFO 2026-04-22 00:26:53,416 log "GET /static/annonces/css/style.css HTTP/1.1" 304 0
INFO 2026-04-22 00:28:40,472 log "GET / HTTP/1.1" 200 26361
ERROR 2026-04-22 00:28:54,774 log Internal Server Error: /IbucClaude-admin-access/
Traceback (most recent call last):
  File "C:\Users\TOSHIBA\cabinet_django\venv\Lib\site-packages\django\core\handlers\exception.py", line 55, in inner
    response = get_response(request)
  File "C:\Users\TOSHIBA\cabinet_django\venv\Lib\site-packages\django\core\handlers\base.py", line 198, in _get_response
    response = wrapped_callback(request, *callback_args, **callback_kwargs)
  File "C:\Users\TOSHIBA\Desktop\Ibuce\annonces\views.py", line 34, in page_login
    return render(request, 'annonces/login.html')
  File "C:\Users\TOSHIBA\cabinet_django\venv\Lib\site-packages\django\shortcuts.py", line 25, in render
    content = loader.render_to_string(template_name, context, request, using=using)
  File "C:\Users\TOSHIBA\cabinet_django\venv\Lib\site-packages\django\template\loader.py", line 61, in render_to_string
    template = get_template(template_name, using=using)
  File "C:\Users\TOSHIBA\cabinet_django\venv\Lib\site-packages\django\template\loader.py", line 19, in get_template
    raise TemplateDoesNotExist(template_name, chain=chain)
django.template.exceptions.TemplateDoesNotExist: annonces/login.html
ERROR 2026-04-22 00:28:54,780 log "GET /IbucClaude-admin-access/ HTTP/1.1" 500 82376
INFO 2026-04-22 00:33:17,199 autoreload C:\Users\TOSHIBA\Desktop\Ibuce\annonces\views.py changed, reloading.
INFO 2026-04-22 00:33:18,399 autoreload Watching for file changes with StatReloader
INFO 2026-04-22 00:33:21,190 log "GET /IbucClaude-admin-access/ HTTP/1.1" 200 3976
INFO 2026-04-22 00:33:40,700 log "POST /IbucClaude-admin-access/ HTTP/1.1" 302 0
INFO 2026-04-22 00:33:40,728 log "GET /admin-ibuce-panel/ HTTP/1.1" 200 26479
INFO 2026-04-22 00:33:40,774 log "GET /static/annonces/css/style.css HTTP/1.1" 304 0
INFO 2026-04-22 00:33:40,776 log "GET /static/annonces/js/script.js HTTP/1.1" 304 0
WARNING 2026-04-22 00:34:34,211 log Forbidden (CSRF token from POST incorrect.): /IbucClaude-admin-access/
WARNING 2026-04-22 00:34:34,212 log "POST /IbucClaude-admin-access/ HTTP/1.1" 403 2503
INFO 2026-04-22 00:34:39,480 log "GET /IbucClaude-admin-access/ HTTP/1.1" 302 0
INFO 2026-04-22 00:34:49,395 log "GET /admin-ibuce-panel/ HTTP/1.1" 200 26479
INFO 2026-04-22 00:34:59,595 log "GET /admin-ibuce-panel/ HTTP/1.1" 302 0
ERROR 2026-04-22 00:34:59,759 log Internal Server Error: /accounts/login/
Traceback (most recent call last):
  File "C:\Users\TOSHIBA\cabinet_django\venv\Lib\site-packages\django\core\handlers\exception.py", line 55, in inner
    response = get_response(request)
  File "C:\Users\TOSHIBA\cabinet_django\venv\Lib\site-packages\django\core\handlers\base.py", line 221, in _get_response
    response = response.render()
  File "C:\Users\TOSHIBA\cabinet_django\venv\Lib\site-packages\django\template\response.py", line 114, in render
    self.content = self.rendered_content
                   ^^^^^^^^^^^^^^^^^^^^^
  File "C:\Users\TOSHIBA\cabinet_django\venv\Lib\site-packages\django\template\response.py", line 90, in rendered_content
    template = self.resolve_template(self.template_name)
  File "C:\Users\TOSHIBA\cabinet_django\venv\Lib\site-packages\django\template\response.py", line 72, in resolve_template
    return select_template(template, using=self.using)
  File "C:\Users\TOSHIBA\cabinet_django\venv\Lib\site-packages\django\template\loader.py", line 47, in select_template
    raise TemplateDoesNotExist(", ".join(template_name_list), chain=chain)
django.template.exceptions.TemplateDoesNotExist: registration/login.html
ERROR 2026-04-22 00:34:59,762 log "GET /accounts/login/?next=/admin-ibuce-panel/ HTTP/1.1" 500 82365
ERROR 2026-04-22 00:35:06,641 log Internal Server Error: /accounts/login/
Traceback (most recent call last):
  File "C:\Users\TOSHIBA\cabinet_django\venv\Lib\site-packages\django\core\handlers\exception.py", line 55, in inner
    response = get_response(request)
  File "C:\Users\TOSHIBA\cabinet_django\venv\Lib\site-packages\django\core\handlers\base.py", line 221, in _get_response
    response = response.render()
  File "C:\Users\TOSHIBA\cabinet_django\venv\Lib\site-packages\django\template\response.py", line 114, in render
    self.content = self.rendered_content
                   ^^^^^^^^^^^^^^^^^^^^^
  File "C:\Users\TOSHIBA\cabinet_django\venv\Lib\site-packages\django\template\response.py", line 90, in rendered_content
    template = self.resolve_template(self.template_name)
  File "C:\Users\TOSHIBA\cabinet_django\venv\Lib\site-packages\django\template\response.py", line 72, in resolve_template
    return select_template(template, using=self.using)
  File "C:\Users\TOSHIBA\cabinet_django\venv\Lib\site-packages\django\template\loader.py", line 47, in select_template
    raise TemplateDoesNotExist(", ".join(template_name_list), chain=chain)
django.template.exceptions.TemplateDoesNotExist: registration/login.html
ERROR 2026-04-22 00:35:06,643 log "GET /accounts/login/?next=/admin-ibuce-panel/ HTTP/1.1" 500 82228
WARNING 2026-04-22 00:35:16,452 log Not Found: /4/admin-ibuce-panel/
WARNING 2026-04-22 00:35:16,453 log "GET /4/admin-ibuce-panel/ HTTP/1.1" 404 5354
WARNING 2026-04-22 00:35:23,701 log Not Found: /4/admin-ibuce-panel/
WARNING 2026-04-22 00:35:23,702 log "GET /4/admin-ibuce-panel/ HTTP/1.1" 404 5354
INFO 2026-04-22 00:35:32,346 log "GET /admin-ibuce-panel/ HTTP/1.1" 302 0
ERROR 2026-04-22 00:35:32,404 log Internal Server Error: /accounts/login/
Traceback (most recent call last):
  File "C:\Users\TOSHIBA\cabinet_django\venv\Lib\site-packages\django\core\handlers\exception.py", line 55, in inner
    response = get_response(request)
  File "C:\Users\TOSHIBA\cabinet_django\venv\Lib\site-packages\django\core\handlers\base.py", line 221, in _get_response
    response = response.render()
  File "C:\Users\TOSHIBA\cabinet_django\venv\Lib\site-packages\django\template\response.py", line 114, in render
    self.content = self.rendered_content
                   ^^^^^^^^^^^^^^^^^^^^^
  File "C:\Users\TOSHIBA\cabinet_django\venv\Lib\site-packages\django\template\response.py", line 90, in rendered_content
    template = self.resolve_template(self.template_name)
  File "C:\Users\TOSHIBA\cabinet_django\venv\Lib\site-packages\django\template\response.py", line 72, in resolve_template
    return select_template(template, using=self.using)
  File "C:\Users\TOSHIBA\cabinet_django\venv\Lib\site-packages\django\template\loader.py", line 47, in select_template
    raise TemplateDoesNotExist(", ".join(template_name_list), chain=chain)
django.template.exceptions.TemplateDoesNotExist: registration/login.html
ERROR 2026-04-22 00:35:32,406 log "GET /accounts/login/?next=/admin-ibuce-panel/ HTTP/1.1" 500 82228
INFO 2026-04-22 00:35:54,372 log "GET /IbucClaude-admin-access/ HTTP/1.1" 200 3976
INFO 2026-04-22 00:36:05,740 log "POST /IbucClaude-admin-access/ HTTP/1.1" 200 4116
INFO 2026-04-22 00:36:12,402 log "POST /IbucClaude-admin-access/ HTTP/1.1" 200 4116
INFO 2026-04-22 00:36:19,716 log "POST /IbucClaude-admin-access/ HTTP/1.1" 200 4116
INFO 2026-04-22 00:36:26,018 log "POST /IbucClaude-admin-access/ HTTP/1.1" 302 0
INFO 2026-04-22 00:36:26,048 log "GET /admin-ibuce-panel/ HTTP/1.1" 200 26479
WARNING 2026-04-22 00:36:59,497 log Forbidden (CSRF token from POST incorrect.): /IbucClaude-admin-access/
WARNING 2026-04-22 00:36:59,498 log "POST /IbucClaude-admin-access/ HTTP/1.1" 403 2503
WARNING 2026-04-22 00:37:24,340 log Forbidden (CSRF token from POST incorrect.): /IbucClaude-admin-access/
WARNING 2026-04-22 00:37:24,341 log "POST /IbucClaude-admin-access/ HTTP/1.1" 403 2503
INFO 2026-04-22 00:42:22,752 autoreload C:\Users\TOSHIBA\Desktop\Ibuce\annonces\views.py changed, reloading.
INFO 2026-04-22 00:42:23,906 autoreload Watching for file changes with StatReloader
INFO 2026-04-22 00:43:13,917 autoreload C:\Users\TOSHIBA\Desktop\Ibuce\annonces\urls.py changed, reloading.
INFO 2026-04-22 00:43:15,477 autoreload Watching for file changes with StatReloader
WARNING 2026-04-22 00:43:24,697 log Forbidden (CSRF token from POST incorrect.): /IbucClaude-admin-access/
WARNING 2026-04-22 00:43:24,698 log "POST /IbucClaude-admin-access/ HTTP/1.1" 403 2503
WARNING 2026-04-22 00:43:28,153 log Forbidden (CSRF token from POST incorrect.): /IbucClaude-admin-access/
WARNING 2026-04-22 00:43:28,159 log "POST /IbucClaude-admin-access/ HTTP/1.1" 403 2503
WARNING 2026-04-22 00:43:32,305 log Forbidden (CSRF token from POST incorrect.): /IbucClaude-admin-access/
WARNING 2026-04-22 00:43:32,306 log "POST /IbucClaude-admin-access/ HTTP/1.1" 403 2503
WARNING 2026-04-22 00:44:36,897 log Forbidden (CSRF token from POST incorrect.): /IbucClaude-admin-access/
WARNING 2026-04-22 00:44:36,898 log "POST /IbucClaude-admin-access/ HTTP/1.1" 403 2503
INFO 2026-04-22 00:54:51,350 autoreload C:\Users\TOSHIBA\Desktop\Ibuce\annonces\views.py changed, reloading.
INFO 2026-04-22 00:54:52,611 autoreload Watching for file changes with StatReloader
INFO 2026-04-22 00:57:43,655 autoreload C:\Users\TOSHIBA\Desktop\Ibuce\annonces\views.py changed, reloading.
INFO 2026-04-22 00:57:45,034 autoreload Watching for file changes with StatReloader
INFO 2026-04-22 00:58:20,165 autoreload C:\Users\TOSHIBA\Desktop\Ibuce\annonces\urls.py changed, reloading.
INFO 2026-04-22 00:58:21,452 autoreload Watching for file changes with StatReloader
INFO 2026-04-22 00:58:24,867 log "GET / HTTP/1.1" 200 26361
INFO 2026-04-22 00:58:25,083 log "GET /static/annonces/css/style.css HTTP/1.1" 304 0
INFO 2026-04-22 00:58:25,084 log "GET /static/annonces/js/script.js HTTP/1.1" 304 0
WARNING 2026-04-22 00:58:30,854 log Not Found: /admin-cabinet-bou-2024/
WARNING 2026-04-22 00:58:30,855 log "GET /admin-cabinet-bou-2024/ HTTP/1.1" 404 5363
WARNING 2026-04-22 00:58:32,325 log Not Found: /admin-cabinet-bou-2024/
WARNING 2026-04-22 00:58:32,326 log "GET /admin-cabinet-bou-2024/ HTTP/1.1" 404 5363
INFO 2026-04-22 01:00:21,686 log "GET / HTTP/1.1" 200 26361
WARNING 2026-04-22 01:00:27,933 log Not Found: /admin-cabinet-bou-2024/
WARNING 2026-04-22 01:00:27,934 log "GET /admin-cabinet-bou-2024/ HTTP/1.1" 404 5363
INFO 2026-04-22 01:00:46,426 log "GET //IbucClaude-admin-access/ HTTP/1.1" 302 0
INFO 2026-04-22 01:00:46,434 log "GET /admin-ibuce-panel/ HTTP/1.1" 200 26479
INFO 2026-04-22 01:01:20,080 log "GET /IbucClaude-admin-access/ HTTP/1.1" 302 0
INFO 2026-04-22 01:01:20,093 log "GET /admin-ibuce-panel/ HTTP/1.1" 200 26479
INFO 2026-04-22 11:06:37,171 autoreload Watching for file changes with StatReloader
INFO 2026-04-22 11:06:52,084 log "GET / HTTP/1.1" 200 26361
INFO 2026-04-22 11:06:55,234 log "GET /static/annonces/css/style.css HTTP/1.1" 304 0
INFO 2026-04-22 11:06:55,239 log "GET /static/annonces/js/script.js HTTP/1.1" 304 0
WARNING 2026-04-22 11:06:58,447 log Not Found: /favicon.ico
WARNING 2026-04-22 11:06:58,448 log "GET /favicon.ico HTTP/1.1" 404 5327
INFO 2026-04-22 11:21:44,572 log "GET /IbucClaude-admin-access/ HTTP/1.1" 302 0
INFO 2026-04-22 11:21:44,581 log "GET /admin-ibuce-panel/ HTTP/1.1" 200 26479
INFO 2026-04-22 11:22:08,697 log "GET /admin-ibuce-panel/ HTTP/1.1" 302 0
ERROR 2026-04-22 11:22:09,131 log Internal Server Error: /accounts/login/
Traceback (most recent call last):
  File "C:\Users\TOSHIBA\cabinet_django\venv\Lib\site-packages\django\core\handlers\exception.py", line 55, in inner
    response = get_response(request)
  File "C:\Users\TOSHIBA\cabinet_django\venv\Lib\site-packages\django\core\handlers\base.py", line 221, in _get_response
    response = response.render()
  File "C:\Users\TOSHIBA\cabinet_django\venv\Lib\site-packages\django\template\response.py", line 114, in render
    self.content = self.rendered_content
                   ^^^^^^^^^^^^^^^^^^^^^
  File "C:\Users\TOSHIBA\cabinet_django\venv\Lib\site-packages\django\template\response.py", line 90, in rendered_content
    template = self.resolve_template(self.template_name)
  File "C:\Users\TOSHIBA\cabinet_django\venv\Lib\site-packages\django\template\response.py", line 72, in resolve_template
    return select_template(template, using=self.using)
  File "C:\Users\TOSHIBA\cabinet_django\venv\Lib\site-packages\django\template\loader.py", line 47, in select_template
    raise TemplateDoesNotExist(", ".join(template_name_list), chain=chain)
django.template.exceptions.TemplateDoesNotExist: registration/login.html
ERROR 2026-04-22 11:22:09,137 log "GET /accounts/login/?next=/admin-ibuce-panel/ HTTP/1.1" 500 82970
INFO 2026-04-22 11:22:41,799 log "GET / HTTP/1.1" 200 26361
INFO 2026-04-22 11:22:44,452 log "GET /IbucClaude-admin-access/ HTTP/1.1" 200 5392
INFO 2026-04-22 11:23:09,608 log "GET / HTTP/1.1" 200 26361
INFO 2026-04-22 11:23:16,965 log "GET /IbucClaude-admin-access/ HTTP/1.1" 200 5392
INFO 2026-04-22 11:23:31,869 log "POST /IbucClaude-admin-access/ HTTP/1.1" 302 0
INFO 2026-04-22 11:23:31,898 log "GET /admin-ibuce-panel/ HTTP/1.1" 200 26479
INFO 2026-04-22 11:24:20,923 log "GET / HTTP/1.1" 200 26361
INFO 2026-04-22 11:24:27,281 log "GET /IbucClaude-admin-access/ HTTP/1.1" 200 5392
INFO 2026-04-22 11:25:15,390 log "GET / HTTP/1.1" 200 26361
INFO 2026-04-22 11:25:21,209 log "GET /IbucClaude-admin-access/ HTTP/1.1" 200 5392
